[0.021s] Invoking command in '/home/ossip/mygit/Eris/c/build/mypkg': CMAKE_PREFIX_PATH=${CMAKE_PREFIX_PATH}:/opt/ros/galactic /usr/bin/cmake --build /home/ossip/mygit/Eris/c/build/mypkg -- -j4 -l4
[0.079s] Invoked command in '/home/ossip/mygit/Eris/c/build/mypkg' returned '0': CMAKE_PREFIX_PATH=${CMAKE_PREFIX_PATH}:/opt/ros/galactic /usr/bin/cmake --build /home/ossip/mygit/Eris/c/build/mypkg -- -j4 -l4
[0.131s] Invoking command in '/home/ossip/mygit/Eris/c/build/mypkg': CMAKE_PREFIX_PATH=${CMAKE_PREFIX_PATH}:/opt/ros/galactic /usr/bin/cmake --install /home/ossip/mygit/Eris/c/build/mypkg
[0.147s] -- Install configuration: ""
[0.147s] -- Up-to-date: /home/ossip/mygit/Eris/c/install/mypkg/share/ament_index/resource_index/package_run_dependencies/mypkg
[0.148s] -- Up-to-date: /home/ossip/mygit/Eris/c/install/mypkg/share/ament_index/resource_index/parent_prefix_path/mypkg
[0.148s] -- Up-to-date: /home/ossip/mygit/Eris/c/install/mypkg/share/mypkg/environment/ament_prefix_path.sh
[0.148s] -- Up-to-date: /home/ossip/mygit/Eris/c/install/mypkg/share/mypkg/environment/ament_prefix_path.dsv
[0.148s] -- Up-to-date: /home/ossip/mygit/Eris/c/install/mypkg/share/mypkg/environment/path.sh
[0.148s] -- Up-to-date: /home/ossip/mygit/Eris/c/install/mypkg/share/mypkg/environment/path.dsv
[0.148s] -- Up-to-date: /home/ossip/mygit/Eris/c/install/mypkg/share/mypkg/local_setup.bash
[0.148s] -- Up-to-date: /home/ossip/mygit/Eris/c/install/mypkg/share/mypkg/local_setup.sh
[0.149s] -- Up-to-date: /home/ossip/mygit/Eris/c/install/mypkg/share/mypkg/local_setup.zsh
[0.149s] -- Up-to-date: /home/ossip/mygit/Eris/c/install/mypkg/share/mypkg/local_setup.dsv
[0.149s] -- Up-to-date: /home/ossip/mygit/Eris/c/install/mypkg/share/mypkg/package.dsv
[0.149s] -- Up-to-date: /home/ossip/mygit/Eris/c/install/mypkg/share/ament_index/resource_index/packages/mypkg
[0.149s] -- Up-to-date: /home/ossip/mygit/Eris/c/install/mypkg/share/mypkg/cmake/mypkgConfig.cmake
[0.149s] -- Up-to-date: /home/ossip/mygit/Eris/c/install/mypkg/share/mypkg/cmake/mypkgConfig-version.cmake
[0.149s] -- Up-to-date: /home/ossip/mygit/Eris/c/install/mypkg/share/mypkg/package.xml
[0.151s] Invoked command in '/home/ossip/mygit/Eris/c/build/mypkg' returned '0': CMAKE_PREFIX_PATH=${CMAKE_PREFIX_PATH}:/opt/ros/galactic /usr/bin/cmake --install /home/ossip/mygit/Eris/c/build/mypkg
