Symlinking /home/ossip/my_git/Eris/python/ros_ws/devel/lib/pkgconfig/custom_msgs.pc
Symlinking /home/ossip/my_git/Eris/python/ros_ws/devel/lib/python2.7/dist-packages/custom_msgs/__init__.py
Symlinking /home/ossip/my_git/Eris/python/ros_ws/devel/lib/python2.7/dist-packages/custom_msgs/msg/_ETI.py
Symlinking /home/ossip/my_git/Eris/python/ros_ws/devel/lib/python2.7/dist-packages/custom_msgs/msg/_String.py
Symlinking /home/ossip/my_git/Eris/python/ros_ws/devel/lib/python2.7/dist-packages/custom_msgs/msg/_EMG3CH.py
Symlinking /home/ossip/my_git/Eris/python/ros_ws/devel/lib/python2.7/dist-packages/custom_msgs/msg/__init__.py
Symlinking /home/ossip/my_git/Eris/python/ros_ws/devel/lib/python2.7/dist-packages/custom_msgs/msg/_Bool.py
Symlinking /home/ossip/my_git/Eris/python/ros_ws/devel/lib/python2.7/dist-packages/custom_msgs/msg/_IMU.py
Symlinking /home/ossip/my_git/Eris/python/ros_ws/devel/lib/python2.7/dist-packages/custom_msgs/msg/_BiomFeats.py
Symlinking /home/ossip/my_git/Eris/python/ros_ws/devel/lib/python2.7/dist-packages/custom_msgs/msg/_FSR4CH.py
Symlinking /home/ossip/my_git/Eris/python/ros_ws/devel/lib/python2.7/dist-packages/custom_msgs/msg/_Uint8.py
Symlinking /home/ossip/my_git/Eris/python/ros_ws/devel/lib/python2.7/dist-packages/custom_msgs/msg/_EMG8CH.py
Symlinking /home/ossip/my_git/Eris/python/ros_ws/devel/lib/python2.7/dist-packages/custom_msgs/msg/_Float32.py
Symlinking /home/ossip/my_git/Eris/python/ros_ws/devel/share/gennodejs/ros/custom_msgs/_index.js
Symlinking /home/ossip/my_git/Eris/python/ros_ws/devel/share/gennodejs/ros/custom_msgs/msg/ETI.js
Symlinking /home/ossip/my_git/Eris/python/ros_ws/devel/share/gennodejs/ros/custom_msgs/msg/String.js
Symlinking /home/ossip/my_git/Eris/python/ros_ws/devel/share/gennodejs/ros/custom_msgs/msg/Float32.js
Symlinking /home/ossip/my_git/Eris/python/ros_ws/devel/share/gennodejs/ros/custom_msgs/msg/FSR4CH.js
Symlinking /home/ossip/my_git/Eris/python/ros_ws/devel/share/gennodejs/ros/custom_msgs/msg/Uint8.js
Symlinking /home/ossip/my_git/Eris/python/ros_ws/devel/share/gennodejs/ros/custom_msgs/msg/BiomFeats.js
Symlinking /home/ossip/my_git/Eris/python/ros_ws/devel/share/gennodejs/ros/custom_msgs/msg/EMG3CH.js
Symlinking /home/ossip/my_git/Eris/python/ros_ws/devel/share/gennodejs/ros/custom_msgs/msg/Bool.js
Symlinking /home/ossip/my_git/Eris/python/ros_ws/devel/share/gennodejs/ros/custom_msgs/msg/IMU.js
Symlinking /home/ossip/my_git/Eris/python/ros_ws/devel/share/gennodejs/ros/custom_msgs/msg/_index.js
Symlinking /home/ossip/my_git/Eris/python/ros_ws/devel/share/gennodejs/ros/custom_msgs/msg/EMG8CH.js
Symlinking /home/ossip/my_git/Eris/python/ros_ws/devel/share/roseus/ros/custom_msgs/manifest.l
Symlinking /home/ossip/my_git/Eris/python/ros_ws/devel/share/roseus/ros/custom_msgs/msg/ETI.l
Symlinking /home/ossip/my_git/Eris/python/ros_ws/devel/share/roseus/ros/custom_msgs/msg/EMG3CH.l
Symlinking /home/ossip/my_git/Eris/python/ros_ws/devel/share/roseus/ros/custom_msgs/msg/EMG8CH.l
Symlinking /home/ossip/my_git/Eris/python/ros_ws/devel/share/roseus/ros/custom_msgs/msg/FSR4CH.l
Symlinking /home/ossip/my_git/Eris/python/ros_ws/devel/share/roseus/ros/custom_msgs/msg/Bool.l
Symlinking /home/ossip/my_git/Eris/python/ros_ws/devel/share/roseus/ros/custom_msgs/msg/BiomFeats.l
Symlinking /home/ossip/my_git/Eris/python/ros_ws/devel/share/roseus/ros/custom_msgs/msg/IMU.l
Symlinking /home/ossip/my_git/Eris/python/ros_ws/devel/share/roseus/ros/custom_msgs/msg/String.l
Symlinking /home/ossip/my_git/Eris/python/ros_ws/devel/share/roseus/ros/custom_msgs/msg/Uint8.l
Symlinking /home/ossip/my_git/Eris/python/ros_ws/devel/share/roseus/ros/custom_msgs/msg/Float32.l
Symlinking /home/ossip/my_git/Eris/python/ros_ws/devel/share/common-lisp/ros/custom_msgs/msg/BiomFeats.lisp
Symlinking /home/ossip/my_git/Eris/python/ros_ws/devel/share/common-lisp/ros/custom_msgs/msg/_package_BiomFeats.lisp
Symlinking /home/ossip/my_git/Eris/python/ros_ws/devel/share/common-lisp/ros/custom_msgs/msg/custom_msgs-msg.asd
Symlinking /home/ossip/my_git/Eris/python/ros_ws/devel/share/common-lisp/ros/custom_msgs/msg/ETI.lisp
Symlinking /home/ossip/my_git/Eris/python/ros_ws/devel/share/common-lisp/ros/custom_msgs/msg/_package_EMG8CH.lisp
Symlinking /home/ossip/my_git/Eris/python/ros_ws/devel/share/common-lisp/ros/custom_msgs/msg/_package_Uint8.lisp
Symlinking /home/ossip/my_git/Eris/python/ros_ws/devel/share/common-lisp/ros/custom_msgs/msg/_package_Float32.lisp
Symlinking /home/ossip/my_git/Eris/python/ros_ws/devel/share/common-lisp/ros/custom_msgs/msg/_package_ETI.lisp
Symlinking /home/ossip/my_git/Eris/python/ros_ws/devel/share/common-lisp/ros/custom_msgs/msg/Float32.lisp
Symlinking /home/ossip/my_git/Eris/python/ros_ws/devel/share/common-lisp/ros/custom_msgs/msg/IMU.lisp
Symlinking /home/ossip/my_git/Eris/python/ros_ws/devel/share/common-lisp/ros/custom_msgs/msg/String.lisp
Symlinking /home/ossip/my_git/Eris/python/ros_ws/devel/share/common-lisp/ros/custom_msgs/msg/_package_String.lisp
Symlinking /home/ossip/my_git/Eris/python/ros_ws/devel/share/common-lisp/ros/custom_msgs/msg/_package_IMU.lisp
Symlinking /home/ossip/my_git/Eris/python/ros_ws/devel/share/common-lisp/ros/custom_msgs/msg/_package_FSR4CH.lisp
Symlinking /home/ossip/my_git/Eris/python/ros_ws/devel/share/common-lisp/ros/custom_msgs/msg/_package_EMG3CH.lisp
Symlinking /home/ossip/my_git/Eris/python/ros_ws/devel/share/common-lisp/ros/custom_msgs/msg/_package_Bool.lisp
Symlinking /home/ossip/my_git/Eris/python/ros_ws/devel/share/common-lisp/ros/custom_msgs/msg/_package.lisp
Symlinking /home/ossip/my_git/Eris/python/ros_ws/devel/share/common-lisp/ros/custom_msgs/msg/EMG8CH.lisp
Symlinking /home/ossip/my_git/Eris/python/ros_ws/devel/share/common-lisp/ros/custom_msgs/msg/FSR4CH.lisp
Symlinking /home/ossip/my_git/Eris/python/ros_ws/devel/share/common-lisp/ros/custom_msgs/msg/Bool.lisp
Symlinking /home/ossip/my_git/Eris/python/ros_ws/devel/share/common-lisp/ros/custom_msgs/msg/Uint8.lisp
Symlinking /home/ossip/my_git/Eris/python/ros_ws/devel/share/common-lisp/ros/custom_msgs/msg/EMG3CH.lisp
Symlinking /home/ossip/my_git/Eris/python/ros_ws/devel/share/custom_msgs/cmake/custom_msgs-msg-extras.cmake
Symlinking /home/ossip/my_git/Eris/python/ros_ws/devel/share/custom_msgs/cmake/custom_msgsConfig-version.cmake
Symlinking /home/ossip/my_git/Eris/python/ros_ws/devel/share/custom_msgs/cmake/custom_msgsConfig.cmake
Symlinking /home/ossip/my_git/Eris/python/ros_ws/devel/share/custom_msgs/cmake/custom_msgs-msg-paths.cmake
Symlinking /home/ossip/my_git/Eris/python/ros_ws/devel/include/custom_msgs/IMU.h
Symlinking /home/ossip/my_git/Eris/python/ros_ws/devel/include/custom_msgs/Float32.h
Symlinking /home/ossip/my_git/Eris/python/ros_ws/devel/include/custom_msgs/ETI.h
Symlinking /home/ossip/my_git/Eris/python/ros_ws/devel/include/custom_msgs/String.h
Symlinking /home/ossip/my_git/Eris/python/ros_ws/devel/include/custom_msgs/Bool.h
Symlinking /home/ossip/my_git/Eris/python/ros_ws/devel/include/custom_msgs/Uint8.h
Symlinking /home/ossip/my_git/Eris/python/ros_ws/devel/include/custom_msgs/EMG3CH.h
Symlinking /home/ossip/my_git/Eris/python/ros_ws/devel/include/custom_msgs/BiomFeats.h
Symlinking /home/ossip/my_git/Eris/python/ros_ws/devel/include/custom_msgs/EMG8CH.h
Symlinking /home/ossip/my_git/Eris/python/ros_ws/devel/include/custom_msgs/FSR4CH.h
