[35m[1mScanning dependencies of target _custom_msgs_generate_messages_check_deps_ETI[0m
[35m[1mScanning dependencies of target _custom_msgs_generate_messages_check_deps_Float32[0m
[35m[1mScanning dependencies of target _custom_msgs_generate_messages_check_deps_Bool[0m
[35m[1mScanning dependencies of target _custom_msgs_generate_messages_check_deps_Uint8[0m
[  0%] Built target _custom_msgs_generate_messages_check_deps_Bool
[  0%] Built target _custom_msgs_generate_messages_check_deps_Float32
[  0%] Built target _custom_msgs_generate_messages_check_deps_Uint8
[  0%] Built target _custom_msgs_generate_messages_check_deps_ETI
[35m[1mScanning dependencies of target std_msgs_generate_messages_lisp[0m
[35m[1mScanning dependencies of target _custom_msgs_generate_messages_check_deps_IMU[0m
[35m[1mScanning dependencies of target _custom_msgs_generate_messages_check_deps_FSR4CH[0m
[35m[1mScanning dependencies of target _custom_msgs_generate_messages_check_deps_EMG8CH[0m
[  0%] Built target std_msgs_generate_messages_lisp
[35m[1mScanning dependencies of target _custom_msgs_generate_messages_check_deps_String[0m
[  0%] Built target _custom_msgs_generate_messages_check_deps_IMU
[  0%] Built target _custom_msgs_generate_messages_check_deps_FSR4CH
[35m[1mScanning dependencies of target _custom_msgs_generate_messages_check_deps_BiomFeats[0m
[  0%] Built target _custom_msgs_generate_messages_check_deps_EMG8CH
[35m[1mScanning dependencies of target _custom_msgs_generate_messages_check_deps_EMG3CH[0m
[35m[1mScanning dependencies of target std_msgs_generate_messages_py[0m
[  0%] Built target _custom_msgs_generate_messages_check_deps_String
[35m[1mScanning dependencies of target std_msgs_generate_messages_nodejs[0m
[  0%] Built target std_msgs_generate_messages_py
[  0%] Built target _custom_msgs_generate_messages_check_deps_BiomFeats
[  0%] Built target std_msgs_generate_messages_nodejs
[35m[1mScanning dependencies of target std_msgs_generate_messages_cpp[0m
[  0%] Built target _custom_msgs_generate_messages_check_deps_EMG3CH
[35m[1mScanning dependencies of target std_msgs_generate_messages_eus[0m
[  0%] Built target std_msgs_generate_messages_cpp
[35m[1mScanning dependencies of target custom_msgs_generate_messages_lisp[0m
[  0%] Built target std_msgs_generate_messages_eus
[35m[1mScanning dependencies of target custom_msgs_generate_messages_py[0m
[35m[1mScanning dependencies of target custom_msgs_generate_messages_nodejs[0m
[  1%] [34m[1mGenerating Lisp code from custom_msgs/ETI.msg[0m
[  3%] [34m[1mGenerating Python from MSG custom_msgs/ETI[0m
[35m[1mScanning dependencies of target custom_msgs_generate_messages_cpp[0m
[  5%] [34m[1mGenerating Javascript code from custom_msgs/ETI.msg[0m
[  7%] [34m[1mGenerating C++ code from custom_msgs/ETI.msg[0m
[ 11%] [34m[1mGenerating Javascript code from custom_msgs/String.msg[0m
[ 11%] [34m[1mGenerating Lisp code from custom_msgs/String.msg[0m
[ 13%] [34m[1mGenerating Python from MSG custom_msgs/String[0m
[ 15%] [34m[1mGenerating Lisp code from custom_msgs/BiomFeats.msg[0m
[ 17%] [34m[1mGenerating Javascript code from custom_msgs/BiomFeats.msg[0m
[ 19%] [34m[1mGenerating Lisp code from custom_msgs/IMU.msg[0m
[ 21%] [34m[1mGenerating Javascript code from custom_msgs/IMU.msg[0m
[ 23%] [34m[1mGenerating C++ code from custom_msgs/String.msg[0m
[ 25%] [34m[1mGenerating Lisp code from custom_msgs/Uint8.msg[0m
[ 26%] [34m[1mGenerating Javascript code from custom_msgs/Uint8.msg[0m
[ 28%] [34m[1mGenerating Python from MSG custom_msgs/BiomFeats[0m
[ 30%] [34m[1mGenerating Javascript code from custom_msgs/Bool.msg[0m
[ 32%] [34m[1mGenerating Lisp code from custom_msgs/Bool.msg[0m
[ 34%] [34m[1mGenerating Javascript code from custom_msgs/FSR4CH.msg[0m
[ 36%] [34m[1mGenerating Lisp code from custom_msgs/FSR4CH.msg[0m
[ 38%] [34m[1mGenerating Python from MSG custom_msgs/IMU[0m
[ 40%] [34m[1mGenerating C++ code from custom_msgs/BiomFeats.msg[0m
[ 42%] [34m[1mGenerating Lisp code from custom_msgs/EMG3CH.msg[0m
[ 44%] [34m[1mGenerating Javascript code from custom_msgs/EMG3CH.msg[0m
[ 46%] [34m[1mGenerating Javascript code from custom_msgs/EMG8CH.msg[0m
[ 48%] [34m[1mGenerating Lisp code from custom_msgs/EMG8CH.msg[0m
[ 50%] [34m[1mGenerating Python from MSG custom_msgs/Uint8[0m
[ 51%] [34m[1mGenerating Javascript code from custom_msgs/Float32.msg[0m
[ 53%] [34m[1mGenerating Lisp code from custom_msgs/Float32.msg[0m
[ 53%] Built target custom_msgs_generate_messages_nodejs
[ 53%] Built target custom_msgs_generate_messages_lisp
[35m[1mScanning dependencies of target custom_msgs_generate_messages_eus[0m
[ 55%] [34m[1mGenerating C++ code from custom_msgs/IMU.msg[0m
[ 57%] [34m[1mGenerating C++ code from custom_msgs/Uint8.msg[0m
[ 59%] [34m[1mGenerating EusLisp code from custom_msgs/ETI.msg[0m
[ 61%] [34m[1mGenerating Python from MSG custom_msgs/Bool[0m
[ 63%] [34m[1mGenerating EusLisp code from custom_msgs/String.msg[0m
[ 65%] [34m[1mGenerating Python from MSG custom_msgs/FSR4CH[0m
[ 67%] [34m[1mGenerating C++ code from custom_msgs/Bool.msg[0m
[ 69%] [34m[1mGenerating EusLisp code from custom_msgs/BiomFeats.msg[0m
[ 71%] [34m[1mGenerating Python from MSG custom_msgs/EMG3CH[0m
[ 73%] [34m[1mGenerating EusLisp code from custom_msgs/IMU.msg[0m
[ 75%] [34m[1mGenerating Python from MSG custom_msgs/EMG8CH[0m
[ 76%] [34m[1mGenerating C++ code from custom_msgs/FSR4CH.msg[0m
[ 78%] [34m[1mGenerating EusLisp code from custom_msgs/Uint8.msg[0m
[ 80%] [34m[1mGenerating C++ code from custom_msgs/EMG3CH.msg[0m
[ 82%] [34m[1mGenerating Python from MSG custom_msgs/Float32[0m
[ 84%] [34m[1mGenerating EusLisp code from custom_msgs/Bool.msg[0m
[ 86%] [34m[1mGenerating C++ code from custom_msgs/EMG8CH.msg[0m
[ 88%] [34m[1mGenerating EusLisp code from custom_msgs/FSR4CH.msg[0m
[ 90%] [34m[1mGenerating Python msg __init__.py for custom_msgs[0m
[ 92%] [34m[1mGenerating C++ code from custom_msgs/Float32.msg[0m
[ 94%] [34m[1mGenerating EusLisp code from custom_msgs/EMG3CH.msg[0m
[ 94%] Built target custom_msgs_generate_messages_py
[ 96%] [34m[1mGenerating EusLisp code from custom_msgs/EMG8CH.msg[0m
[ 98%] [34m[1mGenerating EusLisp code from custom_msgs/Float32.msg[0m
[100%] [34m[1mGenerating EusLisp manifest code for custom_msgs[0m
[100%] Built target custom_msgs_generate_messages_cpp
[100%] Built target custom_msgs_generate_messages_eus
[35m[1mScanning dependencies of target custom_msgs_generate_messages[0m
[100%] Built target custom_msgs_generate_messages
