[0.386s] DEBUG:colcon:Command line arguments: ['/usr/bin/colcon', 'build', '--packages-select', 'serial']
[0.386s] DEBUG:colcon:Parsed command line arguments: Namespace(ament_cmake_args=None, base_paths=['.'], build_base='build', catkin_cmake_args=None, catkin_skip_building_tests=False, cmake_args=None, cmake_clean_cache=False, cmake_clean_first=False, cmake_force_configure=False, cmake_target=None, cmake_target_skip_unavailable=False, continue_on_error=False, event_handlers=None, executor='parallel', ignore_user_meta=False, install_base='install', log_base=None, log_level=None, main=<bound method BuildVerb.main of <colcon_core.verb.build.BuildVerb object at 0x7fdba9eb2cd0>>, merge_install=False, metas=['./colcon.meta'], packages_above=None, packages_above_and_dependencies=None, packages_above_depth=None, packages_end=None, packages_ignore=None, packages_ignore_regex=None, packages_select=['serial'], packages_select_build_failed=False, packages_select_by_dep=None, packages_select_regex=None, packages_select_test_failures=False, packages_skip=None, packages_skip_build_finished=False, packages_skip_by_dep=None, packages_skip_regex=None, packages_skip_test_passed=False, packages_skip_up_to=None, packages_start=None, packages_up_to=None, packages_up_to_regex=None, parallel_workers=4, paths=None, symlink_install=False, test_result_base=None, verb_extension=<colcon_core.verb.build.BuildVerb object at 0x7fdba9eb2cd0>, verb_name='build', verb_parser=<colcon_defaults.argument_parser.defaults.DefaultArgumentsDecorator object at 0x7fdba9ec0280>)
[0.392s] Level 1:colcon.colcon_core.package_discovery:discover_packages(colcon_meta) check parameters
[0.392s] Level 1:colcon.colcon_core.package_discovery:discover_packages(recursive) check parameters
[0.392s] Level 1:colcon.colcon_core.package_discovery:discover_packages(ignore) check parameters
[0.392s] Level 1:colcon.colcon_core.package_discovery:discover_packages(path) check parameters
[0.392s] Level 1:colcon.colcon_core.package_discovery:discover_packages(colcon_meta) discover
[0.392s] Level 1:colcon.colcon_core.package_discovery:discover_packages(recursive) discover
[0.392s] INFO:colcon.colcon_core.package_discovery:Crawling recursively for packages in '/home/ossip/mygit/Eris/c'
[0.392s] Level 1:colcon.colcon_core.package_identification:_identify(.) by extensions ['ignore', 'ignore_ament_install']
[0.393s] Level 1:colcon.colcon_core.package_identification:_identify(.) by extension 'ignore'
[0.393s] Level 1:colcon.colcon_core.package_identification:_identify(.) by extension 'ignore_ament_install'
[0.393s] Level 1:colcon.colcon_core.package_identification:_identify(.) by extensions ['colcon_pkg']
[0.393s] Level 1:colcon.colcon_core.package_identification:_identify(.) by extension 'colcon_pkg'
[0.393s] Level 1:colcon.colcon_core.package_identification:_identify(.) by extensions ['colcon_meta']
[0.393s] Level 1:colcon.colcon_core.package_identification:_identify(.) by extension 'colcon_meta'
[0.393s] Level 1:colcon.colcon_core.package_identification:_identify(.) by extensions ['ros']
[0.393s] Level 1:colcon.colcon_core.package_identification:_identify(.) by extension 'ros'
[0.407s] Level 1:colcon.colcon_core.package_identification:_identify(.) by extensions ['cmake', 'python']
[0.407s] Level 1:colcon.colcon_core.package_identification:_identify(.) by extension 'cmake'
[0.408s] Level 1:colcon.colcon_core.package_identification:_identify(.) by extension 'python'
[0.408s] Level 1:colcon.colcon_core.package_identification:_identify(.) by extensions ['python_setup_py']
[0.408s] Level 1:colcon.colcon_core.package_identification:_identify(.) by extension 'python_setup_py'
[0.408s] Level 1:colcon.colcon_core.package_identification:_identify(build) by extensions ['ignore', 'ignore_ament_install']
[0.408s] Level 1:colcon.colcon_core.package_identification:_identify(build) by extension 'ignore'
[0.408s] Level 1:colcon.colcon_core.package_identification:_identify(build) ignored
[0.408s] Level 1:colcon.colcon_core.package_identification:_identify(install) by extensions ['ignore', 'ignore_ament_install']
[0.408s] Level 1:colcon.colcon_core.package_identification:_identify(install) by extension 'ignore'
[0.408s] Level 1:colcon.colcon_core.package_identification:_identify(install) ignored
[0.409s] Level 1:colcon.colcon_core.package_identification:_identify(log) by extensions ['ignore', 'ignore_ament_install']
[0.409s] Level 1:colcon.colcon_core.package_identification:_identify(log) by extension 'ignore'
[0.409s] Level 1:colcon.colcon_core.package_identification:_identify(log) ignored
[0.409s] Level 1:colcon.colcon_core.package_identification:_identify(mypkg) by extensions ['ignore', 'ignore_ament_install']
[0.409s] Level 1:colcon.colcon_core.package_identification:_identify(mypkg) by extension 'ignore'
[0.409s] Level 1:colcon.colcon_core.package_identification:_identify(mypkg) by extension 'ignore_ament_install'
[0.409s] Level 1:colcon.colcon_core.package_identification:_identify(mypkg) by extensions ['colcon_pkg']
[0.409s] Level 1:colcon.colcon_core.package_identification:_identify(mypkg) by extension 'colcon_pkg'
[0.409s] Level 1:colcon.colcon_core.package_identification:_identify(mypkg) by extensions ['colcon_meta']
[0.409s] Level 1:colcon.colcon_core.package_identification:_identify(mypkg) by extension 'colcon_meta'
[0.409s] Level 1:colcon.colcon_core.package_identification:_identify(mypkg) by extensions ['ros']
[0.409s] Level 1:colcon.colcon_core.package_identification:_identify(mypkg) by extension 'ros'
[0.412s] DEBUG:colcon.colcon_core.package_identification:Package 'mypkg' with type 'ros.ament_cmake' and name 'mypkg'
[0.412s] Level 1:colcon.colcon_core.package_identification:_identify(serial) by extensions ['ignore', 'ignore_ament_install']
[0.412s] Level 1:colcon.colcon_core.package_identification:_identify(serial) by extension 'ignore'
[0.412s] Level 1:colcon.colcon_core.package_identification:_identify(serial) by extension 'ignore_ament_install'
[0.413s] Level 1:colcon.colcon_core.package_identification:_identify(serial) by extensions ['colcon_pkg']
[0.413s] Level 1:colcon.colcon_core.package_identification:_identify(serial) by extension 'colcon_pkg'
[0.413s] Level 1:colcon.colcon_core.package_identification:_identify(serial) by extensions ['colcon_meta']
[0.413s] Level 1:colcon.colcon_core.package_identification:_identify(serial) by extension 'colcon_meta'
[0.413s] Level 1:colcon.colcon_core.package_identification:_identify(serial) by extensions ['ros']
[0.413s] Level 1:colcon.colcon_core.package_identification:_identify(serial) by extension 'ros'
[0.413s] DEBUG:colcon.colcon_core.package_identification:Package 'serial' with type 'ros.ament_cmake' and name 'serial'
[0.413s] Level 1:colcon.colcon_core.package_discovery:discover_packages(recursive) using defaults
[0.414s] Level 1:colcon.colcon_core.package_discovery:discover_packages(ignore) discover
[0.414s] Level 1:colcon.colcon_core.package_discovery:discover_packages(ignore) using defaults
[0.414s] Level 1:colcon.colcon_core.package_discovery:discover_packages(path) discover
[0.414s] Level 1:colcon.colcon_core.package_discovery:discover_packages(path) using defaults
[0.434s] INFO:colcon.colcon_core.package_selection:Skipping not selected package 'mypkg' in 'mypkg'
[0.437s] Level 5:colcon.colcon_core.verb:set package 'serial' build argument 'cmake_args' from command line to 'None'
[0.437s] Level 5:colcon.colcon_core.verb:set package 'serial' build argument 'cmake_target' from command line to 'None'
[0.437s] Level 5:colcon.colcon_core.verb:set package 'serial' build argument 'cmake_target_skip_unavailable' from command line to 'False'
[0.438s] Level 5:colcon.colcon_core.verb:set package 'serial' build argument 'cmake_clean_cache' from command line to 'False'
[0.438s] Level 5:colcon.colcon_core.verb:set package 'serial' build argument 'cmake_clean_first' from command line to 'False'
[0.438s] Level 5:colcon.colcon_core.verb:set package 'serial' build argument 'cmake_force_configure' from command line to 'False'
[0.438s] Level 5:colcon.colcon_core.verb:set package 'serial' build argument 'ament_cmake_args' from command line to 'None'
[0.438s] Level 5:colcon.colcon_core.verb:set package 'serial' build argument 'catkin_cmake_args' from command line to 'None'
[0.438s] Level 5:colcon.colcon_core.verb:set package 'serial' build argument 'catkin_skip_building_tests' from command line to 'False'
[0.438s] DEBUG:colcon.colcon_core.verb:Building package 'serial' with the following arguments: {'ament_cmake_args': None, 'build_base': '/home/ossip/mygit/Eris/c/build/serial', 'catkin_cmake_args': None, 'catkin_skip_building_tests': False, 'cmake_args': None, 'cmake_clean_cache': False, 'cmake_clean_first': False, 'cmake_force_configure': False, 'cmake_target': None, 'cmake_target_skip_unavailable': False, 'install_base': '/home/ossip/mygit/Eris/c/install/serial', 'merge_install': False, 'path': '/home/ossip/mygit/Eris/c/serial', 'symlink_install': False, 'test_result_base': None}
[0.438s] INFO:colcon.colcon_core.executor:Executing jobs using 'parallel' executor
[0.440s] DEBUG:colcon.colcon_parallel_executor.executor.parallel:run_until_complete
[0.441s] INFO:colcon.colcon_ros.task.ament_cmake.build:Building ROS package in '/home/ossip/mygit/Eris/c/serial' with build type 'ament_cmake'
[0.441s] INFO:colcon.colcon_cmake.task.cmake.build:Building CMake package in '/home/ossip/mygit/Eris/c/serial'
[0.445s] INFO:colcon.colcon_core.plugin_system:Skipping extension 'colcon_core.shell.bat': Not used on non-Windows systems
[0.446s] INFO:colcon.colcon_core.shell:Skip shell extension 'powershell' for command environment: Not usable outside of PowerShell
[0.446s] DEBUG:colcon.colcon_core.shell:Skip shell extension 'dsv' for command environment
[0.451s] DEBUG:colcon.colcon_core.shell:Ignoring prefix path '/opt/ros/galactic'
[0.462s] DEBUG:colcon.colcon_core.event_handler.log_command:Invoking command in '/home/ossip/mygit/Eris/c/build/serial': CMAKE_PREFIX_PATH=${CMAKE_PREFIX_PATH}:/opt/ros/galactic /usr/bin/cmake --build /home/ossip/mygit/Eris/c/build/serial -- -j4 -l4
[1.883s] DEBUG:colcon.colcon_core.event_handler.log_command:Invoked command in '/home/ossip/mygit/Eris/c/build/serial' returned '0': CMAKE_PREFIX_PATH=${CMAKE_PREFIX_PATH}:/opt/ros/galactic /usr/bin/cmake --build /home/ossip/mygit/Eris/c/build/serial -- -j4 -l4
[1.937s] DEBUG:colcon.colcon_core.event_handler.log_command:Invoking command in '/home/ossip/mygit/Eris/c/build/serial': CMAKE_PREFIX_PATH=${CMAKE_PREFIX_PATH}:/opt/ros/galactic /usr/bin/cmake --install /home/ossip/mygit/Eris/c/build/serial
[1.954s] Level 1:colcon.colcon_core.environment:create_environment_scripts_only(serial)
[1.956s] DEBUG:colcon.colcon_core.event_handler.log_command:Invoked command in '/home/ossip/mygit/Eris/c/build/serial' returned '0': CMAKE_PREFIX_PATH=${CMAKE_PREFIX_PATH}:/opt/ros/galactic /usr/bin/cmake --install /home/ossip/mygit/Eris/c/build/serial
[1.960s] Level 1:colcon.colcon_core.environment:checking '/home/ossip/mygit/Eris/c/install/serial' for CMake module files
[1.960s] Level 1:colcon.colcon_core.environment:checking '/home/ossip/mygit/Eris/c/install/serial' for CMake config files
[1.961s] Level 1:colcon.colcon_core.shell:create_environment_hook('serial', 'cmake_prefix_path')
[1.963s] INFO:colcon.colcon_core.shell:Creating environment hook '/home/ossip/mygit/Eris/c/install/serial/share/serial/hook/cmake_prefix_path.ps1'
[1.964s] INFO:colcon.colcon_core.shell:Creating environment descriptor '/home/ossip/mygit/Eris/c/install/serial/share/serial/hook/cmake_prefix_path.dsv'
[1.965s] INFO:colcon.colcon_core.shell:Creating environment hook '/home/ossip/mygit/Eris/c/install/serial/share/serial/hook/cmake_prefix_path.sh'
[1.966s] Level 1:colcon.colcon_core.environment:checking '/home/ossip/mygit/Eris/c/install/serial/lib'
[1.966s] Level 1:colcon.colcon_core.environment:checking '/home/ossip/mygit/Eris/c/install/serial/bin'
[1.966s] Level 1:colcon.colcon_core.environment:checking '/home/ossip/mygit/Eris/c/install/serial/lib/pkgconfig/serial.pc'
[1.966s] Level 1:colcon.colcon_core.environment:checking '/home/ossip/mygit/Eris/c/install/serial/lib/python3.8/site-packages'
[1.967s] INFO:colcon.colcon_core.shell:Creating package script '/home/ossip/mygit/Eris/c/install/serial/share/serial/package.ps1'
[1.968s] INFO:colcon.colcon_core.shell:Creating package descriptor '/home/ossip/mygit/Eris/c/install/serial/share/serial/package.dsv'
[1.969s] INFO:colcon.colcon_core.shell:Creating package script '/home/ossip/mygit/Eris/c/install/serial/share/serial/package.sh'
[1.970s] INFO:colcon.colcon_core.shell:Creating package script '/home/ossip/mygit/Eris/c/install/serial/share/serial/package.bash'
[1.971s] INFO:colcon.colcon_core.shell:Creating package script '/home/ossip/mygit/Eris/c/install/serial/share/serial/package.zsh'
[1.972s] Level 1:colcon.colcon_core.environment:create_file_with_runtime_dependencies(/home/ossip/mygit/Eris/c/install/serial/share/colcon-core/packages/serial)
[2.010s] Level 1:colcon.colcon_core.environment:create_environment_scripts_only(serial)
[2.012s] Level 1:colcon.colcon_core.environment:checking '/home/ossip/mygit/Eris/c/install/serial' for CMake module files
[2.012s] Level 1:colcon.colcon_core.environment:checking '/home/ossip/mygit/Eris/c/install/serial' for CMake config files
[2.013s] Level 1:colcon.colcon_core.shell:create_environment_hook('serial', 'cmake_prefix_path')
[2.013s] INFO:colcon.colcon_core.shell:Creating environment hook '/home/ossip/mygit/Eris/c/install/serial/share/serial/hook/cmake_prefix_path.ps1'
[2.014s] INFO:colcon.colcon_core.shell:Creating environment descriptor '/home/ossip/mygit/Eris/c/install/serial/share/serial/hook/cmake_prefix_path.dsv'
[2.014s] INFO:colcon.colcon_core.shell:Creating environment hook '/home/ossip/mygit/Eris/c/install/serial/share/serial/hook/cmake_prefix_path.sh'
[2.015s] Level 1:colcon.colcon_core.environment:checking '/home/ossip/mygit/Eris/c/install/serial/lib'
[2.015s] Level 1:colcon.colcon_core.environment:checking '/home/ossip/mygit/Eris/c/install/serial/bin'
[2.016s] Level 1:colcon.colcon_core.environment:checking '/home/ossip/mygit/Eris/c/install/serial/lib/pkgconfig/serial.pc'
[2.016s] Level 1:colcon.colcon_core.environment:checking '/home/ossip/mygit/Eris/c/install/serial/lib/python3.8/site-packages'
[2.017s] INFO:colcon.colcon_core.shell:Creating package script '/home/ossip/mygit/Eris/c/install/serial/share/serial/package.ps1'
[2.017s] INFO:colcon.colcon_core.shell:Creating package descriptor '/home/ossip/mygit/Eris/c/install/serial/share/serial/package.dsv'
[2.018s] INFO:colcon.colcon_core.shell:Creating package script '/home/ossip/mygit/Eris/c/install/serial/share/serial/package.sh'
[2.019s] INFO:colcon.colcon_core.shell:Creating package script '/home/ossip/mygit/Eris/c/install/serial/share/serial/package.bash'
[2.019s] INFO:colcon.colcon_core.shell:Creating package script '/home/ossip/mygit/Eris/c/install/serial/share/serial/package.zsh'
[2.020s] Level 1:colcon.colcon_core.environment:create_file_with_runtime_dependencies(/home/ossip/mygit/Eris/c/install/serial/share/colcon-core/packages/serial)
[2.020s] DEBUG:colcon.colcon_parallel_executor.executor.parallel:closing loop
[2.021s] DEBUG:colcon.colcon_parallel_executor.executor.parallel:loop closed
[2.021s] DEBUG:colcon.colcon_parallel_executor.executor.parallel:run_until_complete finished with '0'
[2.021s] DEBUG:colcon.colcon_core.event_reactor:joining thread
[2.030s] INFO:colcon.colcon_core.plugin_system:Skipping extension 'colcon_notification.desktop_notification.terminal_notifier': Not used on non-Darwin systems
[2.030s] INFO:colcon.colcon_core.plugin_system:Skipping extension 'colcon_notification.desktop_notification.win32': Not used on non-Windows systems
[2.030s] INFO:colcon.colcon_notification.desktop_notification:Sending desktop notification using 'notify2'
[2.054s] DEBUG:colcon.colcon_core.event_reactor:joined thread
[2.055s] INFO:colcon.colcon_core.shell:Creating prefix script '/home/ossip/mygit/Eris/c/install/local_setup.ps1'
[2.056s] INFO:colcon.colcon_core.shell:Creating prefix util module '/home/ossip/mygit/Eris/c/install/_local_setup_util_ps1.py'
[2.058s] INFO:colcon.colcon_core.shell:Creating prefix chain script '/home/ossip/mygit/Eris/c/install/setup.ps1'
[2.062s] INFO:colcon.colcon_core.shell:Creating prefix script '/home/ossip/mygit/Eris/c/install/local_setup.sh'
[2.063s] INFO:colcon.colcon_core.shell:Creating prefix util module '/home/ossip/mygit/Eris/c/install/_local_setup_util_sh.py'
[2.064s] INFO:colcon.colcon_core.shell:Creating prefix chain script '/home/ossip/mygit/Eris/c/install/setup.sh'
[2.066s] INFO:colcon.colcon_core.shell:Creating prefix script '/home/ossip/mygit/Eris/c/install/local_setup.bash'
[2.067s] INFO:colcon.colcon_core.shell:Creating prefix chain script '/home/ossip/mygit/Eris/c/install/setup.bash'
[2.070s] INFO:colcon.colcon_core.shell:Creating prefix script '/home/ossip/mygit/Eris/c/install/local_setup.zsh'
[2.070s] INFO:colcon.colcon_core.shell:Creating prefix chain script '/home/ossip/mygit/Eris/c/install/setup.zsh'
