[0.023s] Invoking command in '/home/ossip/mygit/Eris/c/build/mypkg': CMAKE_PREFIX_PATH=${CMAKE_PREFIX_PATH}:/opt/ros/galactic /usr/bin/cmake --build /home/ossip/mygit/Eris/c/build/mypkg -- -j4 -l4
[0.099s] [100%] Built target mynode
[0.117s] Invoked command in '/home/ossip/mygit/Eris/c/build/mypkg' returned '0': CMAKE_PREFIX_PATH=${CMAKE_PREFIX_PATH}:/opt/ros/galactic /usr/bin/cmake --build /home/ossip/mygit/Eris/c/build/mypkg -- -j4 -l4
[0.169s] Invoking command in '/home/ossip/mygit/Eris/c/build/mypkg': CMAKE_PREFIX_PATH=${CMAKE_PREFIX_PATH}:/opt/ros/galactic /usr/bin/cmake --install /home/ossip/mygit/Eris/c/build/mypkg
[0.181s] -- Install configuration: ""
[0.182s] -- Up-to-date: /home/ossip/mygit/Eris/c/install/mypkg/lib/mypkg/mynode
[0.182s] -- Up-to-date: /home/ossip/mygit/Eris/c/install/mypkg/share/ament_index/resource_index/package_run_dependencies/mypkg
[0.182s] -- Up-to-date: /home/ossip/mygit/Eris/c/install/mypkg/share/ament_index/resource_index/parent_prefix_path/mypkg
[0.182s] -- Up-to-date: /home/ossip/mygit/Eris/c/install/mypkg/share/mypkg/environment/ament_prefix_path.sh
[0.182s] -- Up-to-date: /home/ossip/mygit/Eris/c/install/mypkg/share/mypkg/environment/ament_prefix_path.dsv
[0.183s] -- Up-to-date: /home/ossip/mygit/Eris/c/install/mypkg/share/mypkg/environment/path.sh
[0.183s] -- Up-to-date: /home/ossip/mygit/Eris/c/install/mypkg/share/mypkg/environment/path.dsv
[0.183s] -- Up-to-date: /home/ossip/mygit/Eris/c/install/mypkg/share/mypkg/local_setup.bash
[0.183s] -- Up-to-date: /home/ossip/mygit/Eris/c/install/mypkg/share/mypkg/local_setup.sh
[0.183s] -- Up-to-date: /home/ossip/mygit/Eris/c/install/mypkg/share/mypkg/local_setup.zsh
[0.183s] -- Up-to-date: /home/ossip/mygit/Eris/c/install/mypkg/share/mypkg/local_setup.dsv
[0.183s] -- Installing: /home/ossip/mygit/Eris/c/install/mypkg/share/mypkg/package.dsv
[0.183s] -- Up-to-date: /home/ossip/mygit/Eris/c/install/mypkg/share/ament_index/resource_index/packages/mypkg
[0.184s] -- Up-to-date: /home/ossip/mygit/Eris/c/install/mypkg/share/mypkg/cmake/mypkgConfig.cmake
[0.184s] -- Up-to-date: /home/ossip/mygit/Eris/c/install/mypkg/share/mypkg/cmake/mypkgConfig-version.cmake
[0.184s] -- Up-to-date: /home/ossip/mygit/Eris/c/install/mypkg/share/mypkg/package.xml
[0.187s] Invoked command in '/home/ossip/mygit/Eris/c/build/mypkg' returned '0': CMAKE_PREFIX_PATH=${CMAKE_PREFIX_PATH}:/opt/ros/galactic /usr/bin/cmake --install /home/ossip/mygit/Eris/c/build/mypkg
