[0.021s] Invoking command in '/home/ossip/mygit/Eris/c/build/serial': CMAKE_PREFIX_PATH=${CMAKE_PREFIX_PATH}:/opt/ros/galactic /usr/bin/cmake --build /home/ossip/mygit/Eris/c/build/serial -- -j4 -l4
[0.065s] -- Found ament_cmake: 1.1.4 (/home/ossip/ros2_galactic/ros2-linux/share/ament_cmake/cmake)
[0.099s] -- Using PYTHON_EXECUTABLE: /usr/bin/python3
[0.272s] CMake Warning (dev) at /home/ossip/ros2_galactic/ros2-linux/share/ament_cmake_core/cmake/core/ament_execute_extensions.cmake:41 (if):
[0.272s]   Policy CMP0057 is not set: Support new IN_LIST if() operator.  Run "cmake
[0.272s]   --help-policy CMP0057" for policy details.  Use the cmake_policy command to
[0.272s]   set the policy and suppress this warning.
[0.273s] 
[0.273s]   IN_LIST will be interpreted as an operator when the policy is set to NEW.
[0.273s]   Since the policy is not set the OLD behavior will be used.
[0.273s] Call Stack (most recent call first):
[0.273s]   /home/ossip/ros2_galactic/ros2-linux/share/ament_cmake_core/cmake/core/ament_package.cmake:66 (ament_execute_extensions)
[0.273s]   CMakeLists.txt:88 (ament_package)
[0.274s] This warning is for project developers.  Use -Wno-dev to suppress it.
[0.274s] 
[0.274s] CMake Error at /home/ossip/ros2_galactic/ros2-linux/share/ament_cmake_core/cmake/core/ament_execute_extensions.cmake:41 (if):
[0.274s]   if given arguments:
[0.274s] 
[0.274s]     "ament_cmake_core" "IN_LIST" "_ARG_EXCLUDE"
[0.274s] 
[0.275s]   Unknown arguments specified
[0.275s] Call Stack (most recent call first):
[0.275s]   /home/ossip/ros2_galactic/ros2-linux/share/ament_cmake_core/cmake/core/ament_package.cmake:66 (ament_execute_extensions)
[0.275s]   CMakeLists.txt:88 (ament_package)
[0.275s] 
[0.275s] 
[0.275s] -- Configuring incomplete, errors occurred!
[0.276s] See also "/home/ossip/mygit/Eris/c/build/serial/CMakeFiles/CMakeOutput.log".
[0.277s] make: *** [Makefile:370: cmake_check_build_system] Error 1
[0.279s] Invoked command in '/home/ossip/mygit/Eris/c/build/serial' returned '2': CMAKE_PREFIX_PATH=${CMAKE_PREFIX_PATH}:/opt/ros/galactic /usr/bin/cmake --build /home/ossip/mygit/Eris/c/build/serial -- -j4 -l4
