[0.021s] Invoking command in '/home/ossip/mygit/Eris/c/build/serial': CMAKE_PREFIX_PATH=${CMAKE_PREFIX_PATH}:/opt/ros/galactic /usr/bin/cmake --build /home/ossip/mygit/Eris/c/build/serial -- -j4 -l4
[0.081s] [35m[1mScanning dependencies of target serial[0m
[0.098s] [ 25%] [32mBuilding CXX object CMakeFiles/serial.dir/src/impl/list_ports/list_ports_linux.cc.o[0m
[0.451s] [01m[K/home/ossip/mygit/Eris/c/serial/src/impl/list_ports/list_ports_linux.cc:[m[K In function ‘[01m[Kstd::vector<std::__cxx11::basic_string<char> > glob(const std::vector<std::__cxx11::basic_string<char> >&)[m[K’:
[0.451s] [01m[K/home/ossip/mygit/Eris/c/serial/src/impl/list_ports/list_ports_linux.cc:57:9:[m[K [01;35m[Kwarning: [m[Kvariable ‘[01m[Kglob_retval[m[K’ set but not used [[01;35m[K-Wunused-but-set-variable[m[K]
[0.451s]    57 |     int [01;35m[Kglob_retval[m[K = glob(patterns[0].c_str(), 0, NULL, &glob_results);
[0.451s]       |         [01;35m[K^~~~~~~~~~~[m[K
[0.456s] [01m[K/home/ossip/mygit/Eris/c/serial/src/impl/list_ports/list_ports_linux.cc:[m[K In function ‘[01m[Kstd::string format(const char*, ...)[m[K’:
[0.456s] [01m[K/home/ossip/mygit/Eris/c/serial/src/impl/list_ports/list_ports_linux.cc:246:31:[m[K [01;35m[Kwarning: [m[Kcomparison of integer expressions of different signedness: ‘[01m[Kint[m[K’ and ‘[01m[Ksize_t[m[K’ {aka ‘[01m[Klong unsigned int[m[K’} [[01;35m[K-Wsign-compare[m[K]
[0.457s]   246 |         else if( [01;35m[Kreturn_value >= buffer_size_bytes[m[K )
[0.457s]       |                  [01;35m[K~~~~~~~~~~~~~^~~~~~~~~~~~~~~~~~~~[m[K
[0.723s] [ 50%] [32m[1mLinking CXX static library libserial.a[0m
[0.773s] [100%] Built target serial
[0.789s] Invoked command in '/home/ossip/mygit/Eris/c/build/serial' returned '0': CMAKE_PREFIX_PATH=${CMAKE_PREFIX_PATH}:/opt/ros/galactic /usr/bin/cmake --build /home/ossip/mygit/Eris/c/build/serial -- -j4 -l4
[0.846s] Invoking command in '/home/ossip/mygit/Eris/c/build/serial': CMAKE_PREFIX_PATH=${CMAKE_PREFIX_PATH}:/opt/ros/galactic /usr/bin/cmake --install /home/ossip/mygit/Eris/c/build/serial
[0.859s] -- Install configuration: ""
[0.860s] -- Up-to-date: /home/ossip/mygit/Eris/c/install/serial/share/ament_index/resource_index/package_run_dependencies/serial
[0.860s] -- Up-to-date: /home/ossip/mygit/Eris/c/install/serial/share/ament_index/resource_index/parent_prefix_path/serial
[0.860s] -- Up-to-date: /home/ossip/mygit/Eris/c/install/serial/share/serial/environment/ament_prefix_path.sh
[0.861s] -- Up-to-date: /home/ossip/mygit/Eris/c/install/serial/share/serial/environment/ament_prefix_path.dsv
[0.861s] -- Up-to-date: /home/ossip/mygit/Eris/c/install/serial/share/serial/environment/path.sh
[0.861s] -- Up-to-date: /home/ossip/mygit/Eris/c/install/serial/share/serial/environment/path.dsv
[0.861s] -- Up-to-date: /home/ossip/mygit/Eris/c/install/serial/share/serial/local_setup.bash
[0.861s] -- Up-to-date: /home/ossip/mygit/Eris/c/install/serial/share/serial/local_setup.sh
[0.862s] -- Up-to-date: /home/ossip/mygit/Eris/c/install/serial/share/serial/local_setup.zsh
[0.862s] -- Up-to-date: /home/ossip/mygit/Eris/c/install/serial/share/serial/local_setup.dsv
[0.862s] -- Installing: /home/ossip/mygit/Eris/c/install/serial/share/serial/package.dsv
[0.862s] -- Up-to-date: /home/ossip/mygit/Eris/c/install/serial/share/ament_index/resource_index/packages/serial
[0.862s] -- Up-to-date: /home/ossip/mygit/Eris/c/install/serial/share/serial/cmake/serialConfig.cmake
[0.862s] -- Up-to-date: /home/ossip/mygit/Eris/c/install/serial/share/serial/cmake/serialConfig-version.cmake
[0.863s] -- Up-to-date: /home/ossip/mygit/Eris/c/install/serial/share/serial/package.xml
[0.865s] Invoked command in '/home/ossip/mygit/Eris/c/build/serial' returned '0': CMAKE_PREFIX_PATH=${CMAKE_PREFIX_PATH}:/opt/ros/galactic /usr/bin/cmake --install /home/ossip/mygit/Eris/c/build/serial
