-- Found ament_cmake: 1.1.4 (/home/ossip/ros2_galactic/ros2-linux/share/ament_cmake/cmake)
-- Using PYTHON_EXECUTABLE: /usr/bin/python3
-- Found ament_lint_auto: 0.10.6 (/home/ossip/ros2_galactic/ros2-linux/share/ament_lint_auto/cmake)
-- Added test 'copyright' to check source files copyright and LICENSE
-- Added test 'cppcheck' to perform static code analysis on C / C++ code
-- Configured cppcheck include dirs: 
-- Configured cppcheck exclude dirs and/or files: 
-- Added test 'cpplint' to check C / C++ code against the Google style
-- Configured cpplint exclude dirs and/or files: 
-- Added test 'flake8' to check Python code syntax and style conventions
-- Added test 'lint_cmake' to check CMake code style
-- Added test 'pep257' to check Python code against some of the style conventions in PEP 257
-- Added test 'uncrustify' to check C / C++ code style
-- Configured uncrustify additional arguments: 
-- Added test 'xmllint' to check XML markup files
-- Configuring done
-- Generating done
-- Build files have been written to: /home/ossip/mygit/Eris/c/build/serial
[35m[1mScanning dependencies of target serial[0m
[ 25%] [32mBuilding CXX object CMakeFiles/serial.dir/src/impl/list_ports/list_ports_linux.cc.o[0m
[ 75%] [32mBuilding CXX object CMakeFiles/serial.dir/src/serial.cc.o[0m
[ 75%] [32mBuilding CXX object CMakeFiles/serial.dir/src/impl/unix.cc.o[0m
[01m[K/home/ossip/mygit/Eris/c/serial/src/serial.cc:12:10:[m[K [01;31m[Kfatal error: [m[Kserial/serial.h: No such file or directory
   12 | #include [01;31m[K"serial/serial.h"[m[K
      |          [01;31m[K^~~~~~~~~~~~~~~~~[m[K
compilation terminated.
[01m[K/home/ossip/mygit/Eris/c/serial/src/impl/list_ports/list_ports_linux.cc:25:10:[m[K [01;31m[Kfatal error: [m[Kserial/serial.h: No such file or directory
   25 | #include [01;31m[K"serial/serial.h"[m[K
      |          [01;31m[K^~~~~~~~~~~~~~~~~[m[K
compilation terminated.
[01m[K/home/ossip/mygit/Eris/c/serial/src/impl/unix.cc:35:10:[m[K [01;31m[Kfatal error: [m[Kserial/impl/unix.h: No such file or directory
   35 | #include [01;31m[K"serial/impl/unix.h"[m[K
      |          [01;31m[K^~~~~~~~~~~~~~~~~~~~[m[K
compilation terminated.
make[2]: *** [CMakeFiles/serial.dir/build.make:89: CMakeFiles/serial.dir/src/impl/list_ports/list_ports_linux.cc.o] Error 1
make[2]: *** Waiting for unfinished jobs....
make[2]: *** [CMakeFiles/serial.dir/build.make:63: CMakeFiles/serial.dir/src/serial.cc.o] Error 1
make[2]: *** [CMakeFiles/serial.dir/build.make:76: CMakeFiles/serial.dir/src/impl/unix.cc.o] Error 1
make[1]: *** [CMakeFiles/Makefile2:78: CMakeFiles/serial.dir/all] Error 2
make: *** [Makefile:141: all] Error 2
