[0.413s] DEBUG:colcon:Command line arguments: ['/usr/bin/colcon', 'build', '--packages-select', 'serial']
[0.413s] DEBUG:colcon:Parsed command line arguments: Namespace(ament_cmake_args=None, base_paths=['.'], build_base='build', catkin_cmake_args=None, catkin_skip_building_tests=False, cmake_args=None, cmake_clean_cache=False, cmake_clean_first=False, cmake_force_configure=False, cmake_target=None, cmake_target_skip_unavailable=False, continue_on_error=False, event_handlers=None, executor='parallel', ignore_user_meta=False, install_base='install', log_base=None, log_level=None, main=<bound method BuildVerb.main of <colcon_core.verb.build.BuildVerb object at 0x7fbbe4d5ac10>>, merge_install=False, metas=['./colcon.meta'], packages_above=None, packages_above_and_dependencies=None, packages_above_depth=None, packages_end=None, packages_ignore=None, packages_ignore_regex=None, packages_select=['serial'], packages_select_build_failed=False, packages_select_by_dep=None, packages_select_regex=None, packages_select_test_failures=False, packages_skip=None, packages_skip_build_finished=False, packages_skip_by_dep=None, packages_skip_regex=None, packages_skip_test_passed=False, packages_skip_up_to=None, packages_start=None, packages_up_to=None, packages_up_to_regex=None, parallel_workers=4, paths=None, symlink_install=False, test_result_base=None, verb_extension=<colcon_core.verb.build.BuildVerb object at 0x7fbbe4d5ac10>, verb_name='build', verb_parser=<colcon_defaults.argument_parser.defaults.DefaultArgumentsDecorator object at 0x7fbbe4d671c0>)
[0.421s] Level 1:colcon.colcon_core.package_discovery:discover_packages(colcon_meta) check parameters
[0.421s] Level 1:colcon.colcon_core.package_discovery:discover_packages(recursive) check parameters
[0.421s] Level 1:colcon.colcon_core.package_discovery:discover_packages(ignore) check parameters
[0.421s] Level 1:colcon.colcon_core.package_discovery:discover_packages(path) check parameters
[0.421s] Level 1:colcon.colcon_core.package_discovery:discover_packages(colcon_meta) discover
[0.421s] Level 1:colcon.colcon_core.package_discovery:discover_packages(recursive) discover
[0.422s] INFO:colcon.colcon_core.package_discovery:Crawling recursively for packages in '/home/ossip/mygit/Eris/c'
[0.422s] Level 1:colcon.colcon_core.package_identification:_identify(.) by extensions ['ignore', 'ignore_ament_install']
[0.422s] Level 1:colcon.colcon_core.package_identification:_identify(.) by extension 'ignore'
[0.422s] Level 1:colcon.colcon_core.package_identification:_identify(.) by extension 'ignore_ament_install'
[0.422s] Level 1:colcon.colcon_core.package_identification:_identify(.) by extensions ['colcon_pkg']
[0.422s] Level 1:colcon.colcon_core.package_identification:_identify(.) by extension 'colcon_pkg'
[0.422s] Level 1:colcon.colcon_core.package_identification:_identify(.) by extensions ['colcon_meta']
[0.422s] Level 1:colcon.colcon_core.package_identification:_identify(.) by extension 'colcon_meta'
[0.422s] Level 1:colcon.colcon_core.package_identification:_identify(.) by extensions ['ros']
[0.422s] Level 1:colcon.colcon_core.package_identification:_identify(.) by extension 'ros'
[0.437s] Level 1:colcon.colcon_core.package_identification:_identify(.) by extensions ['cmake', 'python']
[0.438s] Level 1:colcon.colcon_core.package_identification:_identify(.) by extension 'cmake'
[0.438s] Level 1:colcon.colcon_core.package_identification:_identify(.) by extension 'python'
[0.438s] Level 1:colcon.colcon_core.package_identification:_identify(.) by extensions ['python_setup_py']
[0.438s] Level 1:colcon.colcon_core.package_identification:_identify(.) by extension 'python_setup_py'
[0.438s] Level 1:colcon.colcon_core.package_identification:_identify(build) by extensions ['ignore', 'ignore_ament_install']
[0.438s] Level 1:colcon.colcon_core.package_identification:_identify(build) by extension 'ignore'
[0.438s] Level 1:colcon.colcon_core.package_identification:_identify(build) ignored
[0.438s] Level 1:colcon.colcon_core.package_identification:_identify(install) by extensions ['ignore', 'ignore_ament_install']
[0.438s] Level 1:colcon.colcon_core.package_identification:_identify(install) by extension 'ignore'
[0.438s] Level 1:colcon.colcon_core.package_identification:_identify(install) ignored
[0.439s] Level 1:colcon.colcon_core.package_identification:_identify(log) by extensions ['ignore', 'ignore_ament_install']
[0.439s] Level 1:colcon.colcon_core.package_identification:_identify(log) by extension 'ignore'
[0.439s] Level 1:colcon.colcon_core.package_identification:_identify(log) ignored
[0.439s] Level 1:colcon.colcon_core.package_identification:_identify(mypkg) by extensions ['ignore', 'ignore_ament_install']
[0.439s] Level 1:colcon.colcon_core.package_identification:_identify(mypkg) by extension 'ignore'
[0.439s] Level 1:colcon.colcon_core.package_identification:_identify(mypkg) by extension 'ignore_ament_install'
[0.439s] Level 1:colcon.colcon_core.package_identification:_identify(mypkg) by extensions ['colcon_pkg']
[0.439s] Level 1:colcon.colcon_core.package_identification:_identify(mypkg) by extension 'colcon_pkg'
[0.439s] Level 1:colcon.colcon_core.package_identification:_identify(mypkg) by extensions ['colcon_meta']
[0.439s] Level 1:colcon.colcon_core.package_identification:_identify(mypkg) by extension 'colcon_meta'
[0.439s] Level 1:colcon.colcon_core.package_identification:_identify(mypkg) by extensions ['ros']
[0.439s] Level 1:colcon.colcon_core.package_identification:_identify(mypkg) by extension 'ros'
[0.442s] DEBUG:colcon.colcon_core.package_identification:Package 'mypkg' with type 'ros.ament_cmake' and name 'mypkg'
[0.442s] Level 1:colcon.colcon_core.package_identification:_identify(serial) by extensions ['ignore', 'ignore_ament_install']
[0.442s] Level 1:colcon.colcon_core.package_identification:_identify(serial) by extension 'ignore'
[0.443s] Level 1:colcon.colcon_core.package_identification:_identify(serial) by extension 'ignore_ament_install'
[0.443s] Level 1:colcon.colcon_core.package_identification:_identify(serial) by extensions ['colcon_pkg']
[0.443s] Level 1:colcon.colcon_core.package_identification:_identify(serial) by extension 'colcon_pkg'
[0.443s] Level 1:colcon.colcon_core.package_identification:_identify(serial) by extensions ['colcon_meta']
[0.443s] Level 1:colcon.colcon_core.package_identification:_identify(serial) by extension 'colcon_meta'
[0.443s] Level 1:colcon.colcon_core.package_identification:_identify(serial) by extensions ['ros']
[0.443s] Level 1:colcon.colcon_core.package_identification:_identify(serial) by extension 'ros'
[0.443s] DEBUG:colcon.colcon_core.package_identification:Package 'serial' with type 'ros.ament_cmake' and name 'serial'
[0.444s] Level 1:colcon.colcon_core.package_discovery:discover_packages(recursive) using defaults
[0.444s] Level 1:colcon.colcon_core.package_discovery:discover_packages(ignore) discover
[0.444s] Level 1:colcon.colcon_core.package_discovery:discover_packages(ignore) using defaults
[0.444s] Level 1:colcon.colcon_core.package_discovery:discover_packages(path) discover
[0.444s] Level 1:colcon.colcon_core.package_discovery:discover_packages(path) using defaults
[0.467s] INFO:colcon.colcon_core.package_selection:Skipping not selected package 'mypkg' in 'mypkg'
[0.470s] Level 5:colcon.colcon_core.verb:set package 'serial' build argument 'cmake_args' from command line to 'None'
[0.470s] Level 5:colcon.colcon_core.verb:set package 'serial' build argument 'cmake_target' from command line to 'None'
[0.470s] Level 5:colcon.colcon_core.verb:set package 'serial' build argument 'cmake_target_skip_unavailable' from command line to 'False'
[0.470s] Level 5:colcon.colcon_core.verb:set package 'serial' build argument 'cmake_clean_cache' from command line to 'False'
[0.471s] Level 5:colcon.colcon_core.verb:set package 'serial' build argument 'cmake_clean_first' from command line to 'False'
[0.471s] Level 5:colcon.colcon_core.verb:set package 'serial' build argument 'cmake_force_configure' from command line to 'False'
[0.471s] Level 5:colcon.colcon_core.verb:set package 'serial' build argument 'ament_cmake_args' from command line to 'None'
[0.471s] Level 5:colcon.colcon_core.verb:set package 'serial' build argument 'catkin_cmake_args' from command line to 'None'
[0.471s] Level 5:colcon.colcon_core.verb:set package 'serial' build argument 'catkin_skip_building_tests' from command line to 'False'
[0.471s] DEBUG:colcon.colcon_core.verb:Building package 'serial' with the following arguments: {'ament_cmake_args': None, 'build_base': '/home/ossip/mygit/Eris/c/build/serial', 'catkin_cmake_args': None, 'catkin_skip_building_tests': False, 'cmake_args': None, 'cmake_clean_cache': False, 'cmake_clean_first': False, 'cmake_force_configure': False, 'cmake_target': None, 'cmake_target_skip_unavailable': False, 'install_base': '/home/ossip/mygit/Eris/c/install/serial', 'merge_install': False, 'path': '/home/ossip/mygit/Eris/c/serial', 'symlink_install': False, 'test_result_base': None}
[0.471s] INFO:colcon.colcon_core.executor:Executing jobs using 'parallel' executor
[0.473s] DEBUG:colcon.colcon_parallel_executor.executor.parallel:run_until_complete
[0.474s] INFO:colcon.colcon_ros.task.ament_cmake.build:Building ROS package in '/home/ossip/mygit/Eris/c/serial' with build type 'ament_cmake'
[0.474s] INFO:colcon.colcon_cmake.task.cmake.build:Building CMake package in '/home/ossip/mygit/Eris/c/serial'
[0.481s] INFO:colcon.colcon_core.plugin_system:Skipping extension 'colcon_core.shell.bat': Not used on non-Windows systems
[0.481s] INFO:colcon.colcon_core.shell:Skip shell extension 'powershell' for command environment: Not usable outside of PowerShell
[0.481s] DEBUG:colcon.colcon_core.shell:Skip shell extension 'dsv' for command environment
[0.487s] DEBUG:colcon.colcon_core.shell:Ignoring prefix path '/opt/ros/galactic'
[0.501s] DEBUG:colcon.colcon_core.event_handler.log_command:Invoking command in '/home/ossip/mygit/Eris/c/build/serial': CMAKE_PREFIX_PATH=${CMAKE_PREFIX_PATH}:/opt/ros/galactic /usr/bin/cmake --build /home/ossip/mygit/Eris/c/build/serial -- -j4 -l4
[0.759s] DEBUG:colcon.colcon_core.event_handler.log_command:Invoked command in '/home/ossip/mygit/Eris/c/build/serial' returned '2': CMAKE_PREFIX_PATH=${CMAKE_PREFIX_PATH}:/opt/ros/galactic /usr/bin/cmake --build /home/ossip/mygit/Eris/c/build/serial -- -j4 -l4
[0.784s] Level 1:colcon.colcon_core.environment:create_environment_scripts_only(serial)
[0.791s] Level 1:colcon.colcon_core.environment:checking '/home/ossip/mygit/Eris/c/install/serial' for CMake module files
[0.792s] Level 1:colcon.colcon_core.environment:checking '/home/ossip/mygit/Eris/c/install/serial' for CMake config files
[0.795s] Level 1:colcon.colcon_core.environment:checking '/home/ossip/mygit/Eris/c/install/serial/lib'
[0.795s] Level 1:colcon.colcon_core.environment:checking '/home/ossip/mygit/Eris/c/install/serial/bin'
[0.795s] Level 1:colcon.colcon_core.environment:checking '/home/ossip/mygit/Eris/c/install/serial/lib/pkgconfig/serial.pc'
[0.795s] Level 1:colcon.colcon_core.environment:checking '/home/ossip/mygit/Eris/c/install/serial/lib/python3.8/site-packages'
[0.796s] INFO:colcon.colcon_core.shell:Creating package script '/home/ossip/mygit/Eris/c/install/serial/share/serial/package.ps1'
[0.797s] INFO:colcon.colcon_core.shell:Creating package descriptor '/home/ossip/mygit/Eris/c/install/serial/share/serial/package.dsv'
[0.798s] INFO:colcon.colcon_core.shell:Creating package script '/home/ossip/mygit/Eris/c/install/serial/share/serial/package.sh'
[0.798s] INFO:colcon.colcon_core.shell:Creating package script '/home/ossip/mygit/Eris/c/install/serial/share/serial/package.bash'
[0.799s] INFO:colcon.colcon_core.shell:Creating package script '/home/ossip/mygit/Eris/c/install/serial/share/serial/package.zsh'
[0.800s] Level 1:colcon.colcon_core.environment:create_file_with_runtime_dependencies(/home/ossip/mygit/Eris/c/install/serial/share/colcon-core/packages/serial)
[0.811s] DEBUG:colcon.colcon_parallel_executor.executor.parallel:closing loop
[0.812s] DEBUG:colcon.colcon_parallel_executor.executor.parallel:loop closed
[0.812s] DEBUG:colcon.colcon_parallel_executor.executor.parallel:run_until_complete finished with '2'
[0.812s] DEBUG:colcon.colcon_core.event_reactor:joining thread
[0.824s] INFO:colcon.colcon_core.plugin_system:Skipping extension 'colcon_notification.desktop_notification.terminal_notifier': Not used on non-Darwin systems
[0.824s] INFO:colcon.colcon_core.plugin_system:Skipping extension 'colcon_notification.desktop_notification.win32': Not used on non-Windows systems
[0.824s] INFO:colcon.colcon_notification.desktop_notification:Sending desktop notification using 'notify2'
[0.845s] DEBUG:colcon.colcon_core.event_reactor:joined thread
[0.847s] INFO:colcon.colcon_core.shell:Creating prefix script '/home/ossip/mygit/Eris/c/install/local_setup.ps1'
[0.848s] INFO:colcon.colcon_core.shell:Creating prefix util module '/home/ossip/mygit/Eris/c/install/_local_setup_util_ps1.py'
[0.850s] INFO:colcon.colcon_core.shell:Creating prefix chain script '/home/ossip/mygit/Eris/c/install/setup.ps1'
[0.853s] INFO:colcon.colcon_core.shell:Creating prefix script '/home/ossip/mygit/Eris/c/install/local_setup.sh'
[0.854s] INFO:colcon.colcon_core.shell:Creating prefix util module '/home/ossip/mygit/Eris/c/install/_local_setup_util_sh.py'
[0.854s] INFO:colcon.colcon_core.shell:Creating prefix chain script '/home/ossip/mygit/Eris/c/install/setup.sh'
[0.857s] INFO:colcon.colcon_core.shell:Creating prefix script '/home/ossip/mygit/Eris/c/install/local_setup.bash'
[0.858s] INFO:colcon.colcon_core.shell:Creating prefix chain script '/home/ossip/mygit/Eris/c/install/setup.bash'
[0.862s] INFO:colcon.colcon_core.shell:Creating prefix script '/home/ossip/mygit/Eris/c/install/local_setup.zsh'
[0.862s] INFO:colcon.colcon_core.shell:Creating prefix chain script '/home/ossip/mygit/Eris/c/install/setup.zsh'
