[0.021s] Invoking command in '/home/ossip/mygit/Eris/c/build/serial': CMAKE_PREFIX_PATH=/opt/ros/galactic:${CMAKE_PREFIX_PATH} /usr/bin/cmake --build /home/ossip/mygit/Eris/c/build/serial -- -j4 -l4
[0.058s] -- Found ament_cmake: 1.1.4 (/home/ossip/ros2_galactic/ros2-linux/share/ament_cmake/cmake)
[0.091s] -- Using PYTHON_EXECUTABLE: /usr/bin/python3
[0.181s] -- Found ament_lint_auto: 0.10.6 (/home/ossip/ros2_galactic/ros2-linux/share/ament_lint_auto/cmake)
[0.268s] -- Added test 'copyright' to check source files copyright and LICENSE
[0.271s] -- Added test 'cppcheck' to perform static code analysis on C / C++ code
[0.272s] -- Configured cppcheck include dirs: /home/ossip/mygit/Eris/c/serial/include
[0.272s] -- Configured cppcheck exclude dirs and/or files: 
[0.274s] -- Added test 'cpplint' to check C / C++ code against the Google style
[0.274s] -- Configured cpplint exclude dirs and/or files: 
[0.275s] -- Added test 'flake8' to check Python code syntax and style conventions
[0.276s] -- Added test 'lint_cmake' to check CMake code style
[0.277s] -- Added test 'pep257' to check Python code against some of the style conventions in PEP 257
[0.279s] -- Added test 'uncrustify' to check C / C++ code style
[0.280s] -- Configured uncrustify additional arguments: 
[0.280s] -- Added test 'xmllint' to check XML markup files
[0.282s] -- Configuring done
[0.288s] -- Generating done
[0.294s] -- Build files have been written to: /home/ossip/mygit/Eris/c/build/serial
[0.339s] [ 66%] Built target serial
[0.370s] [100%] Built target serial_example
[0.387s] Invoked command in '/home/ossip/mygit/Eris/c/build/serial' returned '0': CMAKE_PREFIX_PATH=/opt/ros/galactic:${CMAKE_PREFIX_PATH} /usr/bin/cmake --build /home/ossip/mygit/Eris/c/build/serial -- -j4 -l4
[0.447s] Invoking command in '/home/ossip/mygit/Eris/c/build/serial': CMAKE_PREFIX_PATH=/opt/ros/galactic:${CMAKE_PREFIX_PATH} /usr/bin/cmake --install /home/ossip/mygit/Eris/c/build/serial
[0.459s] -- Install configuration: ""
[0.460s] -- Up-to-date: /home/ossip/mygit/Eris/c/install/serial/lib/serial/serial.h
[0.460s] -- Up-to-date: /home/ossip/mygit/Eris/c/install/serial/lib/serial/v8stdint.h
[0.460s] -- Up-to-date: /home/ossip/mygit/Eris/c/install/serial/lib/serial/libserial.a
[0.460s] -- Installing: /home/ossip/mygit/Eris/c/install/serial/lib/serial/serial_example
[0.460s] -- Up-to-date: /home/ossip/mygit/Eris/c/install/serial/share/ament_index/resource_index/package_run_dependencies/serial
[0.460s] -- Installing: /home/ossip/mygit/Eris/c/install/serial/share/ament_index/resource_index/parent_prefix_path/serial
[0.461s] -- Up-to-date: /home/ossip/mygit/Eris/c/install/serial/share/serial/environment/ament_prefix_path.sh
[0.461s] -- Installing: /home/ossip/mygit/Eris/c/install/serial/share/serial/environment/ament_prefix_path.dsv
[0.461s] -- Up-to-date: /home/ossip/mygit/Eris/c/install/serial/share/serial/environment/path.sh
[0.461s] -- Installing: /home/ossip/mygit/Eris/c/install/serial/share/serial/environment/path.dsv
[0.461s] -- Up-to-date: /home/ossip/mygit/Eris/c/install/serial/share/serial/local_setup.bash
[0.461s] -- Up-to-date: /home/ossip/mygit/Eris/c/install/serial/share/serial/local_setup.sh
[0.461s] -- Up-to-date: /home/ossip/mygit/Eris/c/install/serial/share/serial/local_setup.zsh
[0.462s] -- Installing: /home/ossip/mygit/Eris/c/install/serial/share/serial/local_setup.dsv
[0.462s] -- Installing: /home/ossip/mygit/Eris/c/install/serial/share/serial/package.dsv
[0.462s] -- Up-to-date: /home/ossip/mygit/Eris/c/install/serial/share/ament_index/resource_index/packages/serial
[0.462s] -- Up-to-date: /home/ossip/mygit/Eris/c/install/serial/share/serial/cmake/serialConfig.cmake
[0.462s] -- Up-to-date: /home/ossip/mygit/Eris/c/install/serial/share/serial/cmake/serialConfig-version.cmake
[0.462s] -- Up-to-date: /home/ossip/mygit/Eris/c/install/serial/share/serial/package.xml
[0.466s] Invoked command in '/home/ossip/mygit/Eris/c/build/serial' returned '0': CMAKE_PREFIX_PATH=/opt/ros/galactic:${CMAKE_PREFIX_PATH} /usr/bin/cmake --install /home/ossip/mygit/Eris/c/build/serial
