[35m[1mScanning dependencies of target serial[0m
[ 25%] [32mBuilding CXX object CMakeFiles/serial.dir/src/impl/list_ports/list_ports_linux.cc.o[0m
[ 50%] [32m[1mLinking CXX static library libserial.a[0m
[100%] Built target serial
-- Install configuration: ""
-- Up-to-date: /home/ossip/mygit/Eris/c/install/serial/share/ament_index/resource_index/package_run_dependencies/serial
-- Up-to-date: /home/ossip/mygit/Eris/c/install/serial/share/ament_index/resource_index/parent_prefix_path/serial
-- Up-to-date: /home/ossip/mygit/Eris/c/install/serial/share/serial/environment/ament_prefix_path.sh
-- Up-to-date: /home/ossip/mygit/Eris/c/install/serial/share/serial/environment/ament_prefix_path.dsv
-- Up-to-date: /home/ossip/mygit/Eris/c/install/serial/share/serial/environment/path.sh
-- Up-to-date: /home/ossip/mygit/Eris/c/install/serial/share/serial/environment/path.dsv
-- Up-to-date: /home/ossip/mygit/Eris/c/install/serial/share/serial/local_setup.bash
-- Up-to-date: /home/ossip/mygit/Eris/c/install/serial/share/serial/local_setup.sh
-- Up-to-date: /home/ossip/mygit/Eris/c/install/serial/share/serial/local_setup.zsh
-- Up-to-date: /home/ossip/mygit/Eris/c/install/serial/share/serial/local_setup.dsv
-- Installing: /home/ossip/mygit/Eris/c/install/serial/share/serial/package.dsv
-- Up-to-date: /home/ossip/mygit/Eris/c/install/serial/share/ament_index/resource_index/packages/serial
-- Up-to-date: /home/ossip/mygit/Eris/c/install/serial/share/serial/cmake/serialConfig.cmake
-- Up-to-date: /home/ossip/mygit/Eris/c/install/serial/share/serial/cmake/serialConfig-version.cmake
-- Up-to-date: /home/ossip/mygit/Eris/c/install/serial/share/serial/package.xml
