[0.021s] Invoking command in '/home/ossip/mygit/Eris/c/build/mypkg': CMAKE_PREFIX_PATH=${CMAKE_PREFIX_PATH}:/opt/ros/galactic /usr/bin/cmake --build /home/ossip/mygit/Eris/c/build/mypkg -- -j4 -l4
[0.060s] -- Found ament_cmake: 1.1.4 (/home/ossip/ros2_galactic/ros2-linux/share/ament_cmake/cmake)
[0.091s] -- Using PYTHON_EXECUTABLE: /usr/bin/python3
[0.179s] -- Found ament_lint_auto: 0.10.6 (/home/ossip/ros2_galactic/ros2-linux/share/ament_lint_auto/cmake)
[0.270s] -- Added test 'copyright' to check source files copyright and LICENSE
[0.271s] -- Added test 'cppcheck' to perform static code analysis on C / C++ code
[0.272s] -- Configured cppcheck include dirs: $<BUILD_INTERFACE:/home/ossip/mygit/Eris/c/mypkg/include>
[0.272s] -- Configured cppcheck exclude dirs and/or files: 
[0.273s] -- Added test 'cpplint' to check C / C++ code against the Google style
[0.273s] -- Configured cpplint exclude dirs and/or files: 
[0.274s] -- Added test 'lint_cmake' to check CMake code style
[0.275s] -- Added test 'uncrustify' to check C / C++ code style
[0.275s] -- Configured uncrustify additional arguments: 
[0.275s] -- Added test 'xmllint' to check XML markup files
[0.277s] -- Configuring done
[0.281s] -- Generating done
[0.283s] -- Build files have been written to: /home/ossip/mygit/Eris/c/build/mypkg
[0.328s] [100%] Built target mynode
[0.344s] Invoked command in '/home/ossip/mygit/Eris/c/build/mypkg' returned '0': CMAKE_PREFIX_PATH=${CMAKE_PREFIX_PATH}:/opt/ros/galactic /usr/bin/cmake --build /home/ossip/mygit/Eris/c/build/mypkg -- -j4 -l4
[0.394s] Invoking command in '/home/ossip/mygit/Eris/c/build/mypkg': CMAKE_PREFIX_PATH=${CMAKE_PREFIX_PATH}:/opt/ros/galactic /usr/bin/cmake --install /home/ossip/mygit/Eris/c/build/mypkg
[0.406s] -- Install configuration: ""
[0.406s] -- Up-to-date: /home/ossip/mygit/Eris/c/install/mypkg/share/ament_index/resource_index/package_run_dependencies/mypkg
[0.406s] -- Installing: /home/ossip/mygit/Eris/c/install/mypkg/share/ament_index/resource_index/parent_prefix_path/mypkg
[0.406s] -- Up-to-date: /home/ossip/mygit/Eris/c/install/mypkg/share/mypkg/environment/ament_prefix_path.sh
[0.407s] -- Installing: /home/ossip/mygit/Eris/c/install/mypkg/share/mypkg/environment/ament_prefix_path.dsv
[0.407s] -- Up-to-date: /home/ossip/mygit/Eris/c/install/mypkg/share/mypkg/environment/path.sh
[0.407s] -- Installing: /home/ossip/mygit/Eris/c/install/mypkg/share/mypkg/environment/path.dsv
[0.407s] -- Up-to-date: /home/ossip/mygit/Eris/c/install/mypkg/share/mypkg/local_setup.bash
[0.407s] -- Up-to-date: /home/ossip/mygit/Eris/c/install/mypkg/share/mypkg/local_setup.sh
[0.407s] -- Up-to-date: /home/ossip/mygit/Eris/c/install/mypkg/share/mypkg/local_setup.zsh
[0.407s] -- Installing: /home/ossip/mygit/Eris/c/install/mypkg/share/mypkg/local_setup.dsv
[0.408s] -- Installing: /home/ossip/mygit/Eris/c/install/mypkg/share/mypkg/package.dsv
[0.408s] -- Up-to-date: /home/ossip/mygit/Eris/c/install/mypkg/share/ament_index/resource_index/packages/mypkg
[0.408s] -- Up-to-date: /home/ossip/mygit/Eris/c/install/mypkg/share/mypkg/cmake/mypkgConfig.cmake
[0.408s] -- Up-to-date: /home/ossip/mygit/Eris/c/install/mypkg/share/mypkg/cmake/mypkgConfig-version.cmake
[0.408s] -- Up-to-date: /home/ossip/mygit/Eris/c/install/mypkg/share/mypkg/package.xml
[0.411s] Invoked command in '/home/ossip/mygit/Eris/c/build/mypkg' returned '0': CMAKE_PREFIX_PATH=${CMAKE_PREFIX_PATH}:/opt/ros/galactic /usr/bin/cmake --install /home/ossip/mygit/Eris/c/build/mypkg
