[0.023s] Invoking command in '/home/ossip/mygit/Eris/c/build/serial': CMAKE_PREFIX_PATH=${CMAKE_PREFIX_PATH}:/opt/ros/galactic /usr/bin/cmake --build /home/ossip/mygit/Eris/c/build/serial -- -j4 -l4
[0.085s] [35m[1mScanning dependencies of target serial[0m
[0.133s] [ 25%] [32mBuilding CXX object CMakeFiles/serial.dir/src/impl/list_ports/list_ports_linux.cc.o[0m
[0.770s] [ 50%] [32m[1mLinking CXX static library libserial.a[0m
[0.818s] [100%] Built target serial
[0.834s] Invoked command in '/home/ossip/mygit/Eris/c/build/serial' returned '0': CMAKE_PREFIX_PATH=${CMAKE_PREFIX_PATH}:/opt/ros/galactic /usr/bin/cmake --build /home/ossip/mygit/Eris/c/build/serial -- -j4 -l4
[0.894s] Invoking command in '/home/ossip/mygit/Eris/c/build/serial': CMAKE_PREFIX_PATH=${CMAKE_PREFIX_PATH}:/opt/ros/galactic /usr/bin/cmake --install /home/ossip/mygit/Eris/c/build/serial
[0.908s] -- Install configuration: ""
[0.908s] -- Up-to-date: /home/ossip/mygit/Eris/c/install/serial/share/ament_index/resource_index/package_run_dependencies/serial
[0.909s] -- Up-to-date: /home/ossip/mygit/Eris/c/install/serial/share/ament_index/resource_index/parent_prefix_path/serial
[0.909s] -- Up-to-date: /home/ossip/mygit/Eris/c/install/serial/share/serial/environment/ament_prefix_path.sh
[0.909s] -- Up-to-date: /home/ossip/mygit/Eris/c/install/serial/share/serial/environment/ament_prefix_path.dsv
[0.909s] -- Up-to-date: /home/ossip/mygit/Eris/c/install/serial/share/serial/environment/path.sh
[0.909s] -- Up-to-date: /home/ossip/mygit/Eris/c/install/serial/share/serial/environment/path.dsv
[0.910s] -- Up-to-date: /home/ossip/mygit/Eris/c/install/serial/share/serial/local_setup.bash
[0.910s] -- Up-to-date: /home/ossip/mygit/Eris/c/install/serial/share/serial/local_setup.sh
[0.910s] -- Up-to-date: /home/ossip/mygit/Eris/c/install/serial/share/serial/local_setup.zsh
[0.910s] -- Up-to-date: /home/ossip/mygit/Eris/c/install/serial/share/serial/local_setup.dsv
[0.910s] -- Installing: /home/ossip/mygit/Eris/c/install/serial/share/serial/package.dsv
[0.910s] -- Up-to-date: /home/ossip/mygit/Eris/c/install/serial/share/ament_index/resource_index/packages/serial
[0.910s] -- Up-to-date: /home/ossip/mygit/Eris/c/install/serial/share/serial/cmake/serialConfig.cmake
[0.910s] -- Up-to-date: /home/ossip/mygit/Eris/c/install/serial/share/serial/cmake/serialConfig-version.cmake
[0.910s] -- Up-to-date: /home/ossip/mygit/Eris/c/install/serial/share/serial/package.xml
[0.913s] Invoked command in '/home/ossip/mygit/Eris/c/build/serial' returned '0': CMAKE_PREFIX_PATH=${CMAKE_PREFIX_PATH}:/opt/ros/galactic /usr/bin/cmake --install /home/ossip/mygit/Eris/c/build/serial
