[0.024s] Invoking command in '/home/ossip/mygit/Eris/c/build/mypkg': /usr/bin/cmake /home/ossip/mygit/Eris/c/mypkg -DCMAKE_INSTALL_PREFIX=/home/ossip/mygit/Eris/c/install/mypkg
[0.044s] -- Found ament_cmake: 1.1.4 (/home/ossip/ros2_galactic/ros2-linux/share/ament_cmake/cmake)
[0.077s] -- Using PYTHON_EXECUTABLE: /usr/bin/python3
[0.171s] -- Found ament_lint_auto: 0.10.6 (/home/ossip/ros2_galactic/ros2-linux/share/ament_lint_auto/cmake)
[0.269s] -- Added test 'copyright' to check source files copyright and LICENSE
[0.271s] -- Added test 'cppcheck' to perform static code analysis on C / C++ code
[0.271s] -- Configured cppcheck include dirs: $<BUILD_INTERFACE:/home/ossip/mygit/Eris/c/mypkg/include>
[0.271s] -- Configured cppcheck exclude dirs and/or files: 
[0.273s] -- Added test 'cpplint' to check C / C++ code against the Google style
[0.273s] -- Configured cpplint exclude dirs and/or files: 
[0.273s] -- Added test 'lint_cmake' to check CMake code style
[0.275s] -- Added test 'uncrustify' to check C / C++ code style
[0.275s] -- Configured uncrustify additional arguments: 
[0.275s] -- Added test 'xmllint' to check XML markup files
[0.277s] CMake Error at CMakeLists.txt:14 (add_executable):
[0.277s]   The target name "test" is reserved when CTest testing is enabled.
[0.277s] 
[0.277s] 
[0.278s] -- Configuring incomplete, errors occurred!
[0.278s] See also "/home/ossip/mygit/Eris/c/build/mypkg/CMakeFiles/CMakeOutput.log".
[0.282s] Invoked command in '/home/ossip/mygit/Eris/c/build/mypkg' returned '1': /usr/bin/cmake /home/ossip/mygit/Eris/c/mypkg -DCMAKE_INSTALL_PREFIX=/home/ossip/mygit/Eris/c/install/mypkg
