[0.018s] Invoking command in '/home/ossip/mygit/Eris/c/build/mypkg': /usr/bin/cmake /home/ossip/mygit/Eris/c/mypkg -DCMAKE_INSTALL_PREFIX=/home/ossip/mygit/Eris/c/install/mypkg
[0.161s] -- The C compiler identification is GNU 9.3.0
[0.347s] -- The CXX compiler identification is GNU 9.3.0
[0.359s] -- Check for working C compiler: /usr/bin/cc
[0.468s] -- Check for working C compiler: /usr/bin/cc -- works
[0.520s] -- Detecting C compiler ABI info
[0.629s] -- Detecting C compiler ABI info - done
[0.683s] -- Detecting C compile features
[0.695s] -- Detecting C compile features - done
[0.700s] -- Check for working CXX compiler: /usr/bin/c++
[0.818s] -- Check for working CXX compiler: /usr/bin/c++ -- works
[0.819s] -- Detecting CXX compiler ABI info
[0.966s] -- Detecting CXX compiler ABI info - done
[0.988s] -- Detecting CXX compile features
[0.989s] -- Detecting CXX compile features - done
[1.045s] -- Found ament_cmake: 1.1.4 (/home/ossip/ros2_galactic/ros2-linux/share/ament_cmake/cmake)
[1.088s] -- Found PythonInterp: /usr/bin/python3 (found suitable version "3.8.10", minimum required is "3") 
[1.089s] -- Using PYTHON_EXECUTABLE: /usr/bin/python3
[1.223s] -- Found ament_lint_auto: 0.10.6 (/home/ossip/ros2_galactic/ros2-linux/share/ament_lint_auto/cmake)
[1.353s] -- Added test 'copyright' to check source files copyright and LICENSE
[1.355s] -- Added test 'cppcheck' to perform static code analysis on C / C++ code
[1.355s] -- Configured cppcheck include dirs: $<BUILD_INTERFACE:/home/ossip/mygit/Eris/c/mypkg/include>
[1.356s] -- Configured cppcheck exclude dirs and/or files: 
[1.357s] -- Added test 'cpplint' to check C / C++ code against the Google style
[1.358s] -- Configured cpplint exclude dirs and/or files: 
[1.360s] -- Added test 'lint_cmake' to check CMake code style
[1.363s] -- Added test 'uncrustify' to check C / C++ code style
[1.363s] -- Configured uncrustify additional arguments: 
[1.363s] -- Added test 'xmllint' to check XML markup files
[1.366s] CMake Error at CMakeLists.txt:14 (add_executable):
[1.366s]   The target name "test" is reserved when CTest testing is enabled.
[1.366s] 
[1.366s] 
[1.367s] -- Configuring incomplete, errors occurred!
[1.367s] See also "/home/ossip/mygit/Eris/c/build/mypkg/CMakeFiles/CMakeOutput.log".
[1.373s] Invoked command in '/home/ossip/mygit/Eris/c/build/mypkg' returned '1': /usr/bin/cmake /home/ossip/mygit/Eris/c/mypkg -DCMAKE_INSTALL_PREFIX=/home/ossip/mygit/Eris/c/install/mypkg
