[0.021s] Invoking command in '/home/ossip/mygit/Eris/c/build/serial': CMAKE_PREFIX_PATH=${CMAKE_PREFIX_PATH}:/opt/ros/galactic /usr/bin/cmake --build /home/ossip/mygit/Eris/c/build/serial -- -j4 -l4
[0.061s] -- Found ament_cmake: 1.1.4 (/home/ossip/ros2_galactic/ros2-linux/share/ament_cmake/cmake)
[0.093s] -- Using PYTHON_EXECUTABLE: /usr/bin/python3
[0.185s] -- Found ament_lint_auto: 0.10.6 (/home/ossip/ros2_galactic/ros2-linux/share/ament_lint_auto/cmake)
[0.286s] -- Added test 'copyright' to check source files copyright and LICENSE
[0.291s] -- Added test 'cppcheck' to perform static code analysis on C / C++ code
[0.291s] -- Configured cppcheck include dirs: 
[0.291s] -- Configured cppcheck exclude dirs and/or files: 
[0.295s] -- Added test 'cpplint' to check C / C++ code against the Google style
[0.295s] -- Configured cpplint exclude dirs and/or files: 
[0.295s] -- Added test 'flake8' to check Python code syntax and style conventions
[0.296s] -- Added test 'lint_cmake' to check CMake code style
[0.297s] -- Added test 'pep257' to check Python code against some of the style conventions in PEP 257
[0.300s] -- Added test 'uncrustify' to check C / C++ code style
[0.300s] -- Configured uncrustify additional arguments: 
[0.301s] -- Added test 'xmllint' to check XML markup files
[0.302s] -- Configuring done
[0.307s] -- Generating done
[0.309s] -- Build files have been written to: /home/ossip/mygit/Eris/c/build/serial
[0.339s] [35m[1mScanning dependencies of target serial[0m
[0.357s] [ 25%] [32mBuilding CXX object CMakeFiles/serial.dir/src/impl/list_ports/list_ports_linux.cc.o[0m
[0.361s] [ 75%] [32mBuilding CXX object CMakeFiles/serial.dir/src/serial.cc.o[0m
[0.361s] [ 75%] [32mBuilding CXX object CMakeFiles/serial.dir/src/impl/unix.cc.o[0m
[0.416s] [01m[K/home/ossip/mygit/Eris/c/serial/src/serial.cc:12:10:[m[K [01;31m[Kfatal error: [m[Kserial/serial.h: No such file or directory
[0.416s]    12 | #include [01;31m[K"serial/serial.h"[m[K
[0.416s]       |          [01;31m[K^~~~~~~~~~~~~~~~~[m[K
[0.417s] compilation terminated.
[0.419s] [01m[K/home/ossip/mygit/Eris/c/serial/src/impl/list_ports/list_ports_linux.cc:25:10:[m[K [01;31m[Kfatal error: [m[Kserial/serial.h: No such file or directory
[0.419s]    25 | #include [01;31m[K"serial/serial.h"[m[K
[0.419s]       |          [01;31m[K^~~~~~~~~~~~~~~~~[m[K
[0.419s] compilation terminated.
[0.443s] [01m[K/home/ossip/mygit/Eris/c/serial/src/impl/unix.cc:35:10:[m[K [01;31m[Kfatal error: [m[Kserial/impl/unix.h: No such file or directory
[0.443s]    35 | #include [01;31m[K"serial/impl/unix.h"[m[K
[0.443s]       |          [01;31m[K^~~~~~~~~~~~~~~~~~~~[m[K
[0.443s] compilation terminated.
[0.446s] make[2]: *** [CMakeFiles/serial.dir/build.make:89: CMakeFiles/serial.dir/src/impl/list_ports/list_ports_linux.cc.o] Error 1
[0.446s] make[2]: *** Waiting for unfinished jobs....
[0.446s] make[2]: *** [CMakeFiles/serial.dir/build.make:63: CMakeFiles/serial.dir/src/serial.cc.o] Error 1
[0.446s] make[2]: *** [CMakeFiles/serial.dir/build.make:76: CMakeFiles/serial.dir/src/impl/unix.cc.o] Error 1
[0.446s] make[1]: *** [CMakeFiles/Makefile2:78: CMakeFiles/serial.dir/all] Error 2
[0.447s] make: *** [Makefile:141: all] Error 2
[0.449s] Invoked command in '/home/ossip/mygit/Eris/c/build/serial' returned '2': CMAKE_PREFIX_PATH=${CMAKE_PREFIX_PATH}:/opt/ros/galactic /usr/bin/cmake --build /home/ossip/mygit/Eris/c/build/serial -- -j4 -l4
