[0.021s] Invoking command in '/home/ossip/mygit/Eris/c/build/mypkg': CMAKE_PREFIX_PATH=${CMAKE_PREFIX_PATH}:/opt/ros/galactic /usr/bin/cmake --build /home/ossip/mygit/Eris/c/build/mypkg -- -j4 -l4
[0.062s] -- Found ament_cmake: 1.1.4 (/home/ossip/ros2_galactic/ros2-linux/share/ament_cmake/cmake)
[0.093s] -- Using PYTHON_EXECUTABLE: /usr/bin/python3
[0.177s] -- Found ament_lint_auto: 0.10.6 (/home/ossip/ros2_galactic/ros2-linux/share/ament_lint_auto/cmake)
[0.268s] -- Added test 'copyright' to check source files copyright and LICENSE
[0.269s] -- Added test 'cppcheck' to perform static code analysis on C / C++ code
[0.269s] -- Configured cppcheck include dirs: 
[0.269s] -- Configured cppcheck exclude dirs and/or files: 
[0.270s] -- Added test 'cpplint' to check C / C++ code against the Google style
[0.271s] -- Configured cpplint exclude dirs and/or files: 
[0.271s] -- Added test 'lint_cmake' to check CMake code style
[0.273s] -- Added test 'uncrustify' to check C / C++ code style
[0.273s] -- Configured uncrustify additional arguments: 
[0.273s] -- Added test 'xmllint' to check XML markup files
[0.275s] -- Configuring done
[0.279s] -- Generating done
[0.280s] -- Build files have been written to: /home/ossip/mygit/Eris/c/build/mypkg
[0.307s] [35m[1mScanning dependencies of target mynode[0m
[0.323s] [ 50%] [32mBuilding CXX object CMakeFiles/mynode.dir/src/mynode.cpp.o[0m
[0.368s] [100%] [32m[1mLinking CXX executable mynode[0m
[0.436s] [100%] Built target mynode
[0.464s] Invoked command in '/home/ossip/mygit/Eris/c/build/mypkg' returned '0': CMAKE_PREFIX_PATH=${CMAKE_PREFIX_PATH}:/opt/ros/galactic /usr/bin/cmake --build /home/ossip/mygit/Eris/c/build/mypkg -- -j4 -l4
[0.511s] Invoking command in '/home/ossip/mygit/Eris/c/build/mypkg': CMAKE_PREFIX_PATH=${CMAKE_PREFIX_PATH}:/opt/ros/galactic /usr/bin/cmake --install /home/ossip/mygit/Eris/c/build/mypkg
[0.523s] -- Install configuration: ""
[0.523s] -- Up-to-date: /home/ossip/mygit/Eris/c/install/mypkg/share/ament_index/resource_index/package_run_dependencies/mypkg
[0.524s] -- Up-to-date: /home/ossip/mygit/Eris/c/install/mypkg/share/ament_index/resource_index/parent_prefix_path/mypkg
[0.524s] -- Up-to-date: /home/ossip/mygit/Eris/c/install/mypkg/share/mypkg/environment/ament_prefix_path.sh
[0.524s] -- Installing: /home/ossip/mygit/Eris/c/install/mypkg/share/mypkg/environment/ament_prefix_path.dsv
[0.524s] -- Up-to-date: /home/ossip/mygit/Eris/c/install/mypkg/share/mypkg/environment/path.sh
[0.524s] -- Installing: /home/ossip/mygit/Eris/c/install/mypkg/share/mypkg/environment/path.dsv
[0.524s] -- Up-to-date: /home/ossip/mygit/Eris/c/install/mypkg/share/mypkg/local_setup.bash
[0.525s] -- Up-to-date: /home/ossip/mygit/Eris/c/install/mypkg/share/mypkg/local_setup.sh
[0.525s] -- Up-to-date: /home/ossip/mygit/Eris/c/install/mypkg/share/mypkg/local_setup.zsh
[0.525s] -- Installing: /home/ossip/mygit/Eris/c/install/mypkg/share/mypkg/local_setup.dsv
[0.525s] -- Installing: /home/ossip/mygit/Eris/c/install/mypkg/share/mypkg/package.dsv
[0.525s] -- Up-to-date: /home/ossip/mygit/Eris/c/install/mypkg/share/ament_index/resource_index/packages/mypkg
[0.525s] -- Up-to-date: /home/ossip/mygit/Eris/c/install/mypkg/share/mypkg/cmake/mypkgConfig.cmake
[0.526s] -- Up-to-date: /home/ossip/mygit/Eris/c/install/mypkg/share/mypkg/cmake/mypkgConfig-version.cmake
[0.526s] -- Up-to-date: /home/ossip/mygit/Eris/c/install/mypkg/share/mypkg/package.xml
[0.529s] Invoked command in '/home/ossip/mygit/Eris/c/build/mypkg' returned '0': CMAKE_PREFIX_PATH=${CMAKE_PREFIX_PATH}:/opt/ros/galactic /usr/bin/cmake --install /home/ossip/mygit/Eris/c/build/mypkg
