-- Found ament_cmake: 1.1.4 (/home/ossip/ros2_galactic/ros2-linux/share/ament_cmake/cmake)
-- Using PYTHON_EXECUTABLE: /usr/bin/python3
-- Found ament_lint_auto: 0.10.6 (/home/ossip/ros2_galactic/ros2-linux/share/ament_lint_auto/cmake)
-- Added test 'copyright' to check source files copyright and LICENSE
-- Added test 'cppcheck' to perform static code analysis on C / C++ code
-- Configured cppcheck include dirs: $<BUILD_INTERFACE:/home/ossip/mygit/Eris/c/mypkg/include>
-- Configured cppcheck exclude dirs and/or files: 
-- Added test 'cpplint' to check C / C++ code against the Google style
-- Configured cpplint exclude dirs and/or files: 
-- Added test 'lint_cmake' to check CMake code style
-- Added test 'uncrustify' to check C / C++ code style
-- Configured uncrustify additional arguments: 
-- Added test 'xmllint' to check XML markup files
-- Configuring done
-- Generating done
-- Build files have been written to: /home/ossip/mygit/Eris/c/build/mypkg
[35m[1mScanning dependencies of target mynode[0m
[ 50%] [32mBuilding CXX object CMakeFiles/mynode.dir/src/mynode.cpp.o[0m
[100%] [32m[1mLinking CXX executable mynode[0m
[100%] Built target mynode
-- Install configuration: ""
-- Installing: /home/ossip/mygit/Eris/c/install/mypkg/lib/mypkg/mynode
-- Installing: /home/ossip/mygit/Eris/c/install/mypkg/share/ament_index/resource_index/package_run_dependencies/mypkg
-- Installing: /home/ossip/mygit/Eris/c/install/mypkg/share/ament_index/resource_index/parent_prefix_path/mypkg
-- Installing: /home/ossip/mygit/Eris/c/install/mypkg/share/mypkg/environment/ament_prefix_path.sh
-- Installing: /home/ossip/mygit/Eris/c/install/mypkg/share/mypkg/environment/ament_prefix_path.dsv
-- Installing: /home/ossip/mygit/Eris/c/install/mypkg/share/mypkg/environment/path.sh
-- Installing: /home/ossip/mygit/Eris/c/install/mypkg/share/mypkg/environment/path.dsv
-- Installing: /home/ossip/mygit/Eris/c/install/mypkg/share/mypkg/local_setup.bash
-- Installing: /home/ossip/mygit/Eris/c/install/mypkg/share/mypkg/local_setup.sh
-- Installing: /home/ossip/mygit/Eris/c/install/mypkg/share/mypkg/local_setup.zsh
-- Installing: /home/ossip/mygit/Eris/c/install/mypkg/share/mypkg/local_setup.dsv
-- Installing: /home/ossip/mygit/Eris/c/install/mypkg/share/mypkg/package.dsv
-- Installing: /home/ossip/mygit/Eris/c/install/mypkg/share/ament_index/resource_index/packages/mypkg
-- Installing: /home/ossip/mygit/Eris/c/install/mypkg/share/mypkg/cmake/mypkgConfig.cmake
-- Installing: /home/ossip/mygit/Eris/c/install/mypkg/share/mypkg/cmake/mypkgConfig-version.cmake
-- Installing: /home/ossip/mygit/Eris/c/install/mypkg/share/mypkg/package.xml
