[0.026s] Invoking command in '/home/ossip/mygit/Eris/c/build/mypkg': /usr/bin/cmake /home/ossip/mygit/Eris/c/mypkg -DCMAKE_INSTALL_PREFIX=/home/ossip/mygit/Eris/c/install/mypkg
[0.051s] -- Found ament_cmake: 1.1.4 (/home/ossip/ros2_galactic/ros2-linux/share/ament_cmake/cmake)
[0.084s] -- Using PYTHON_EXECUTABLE: /usr/bin/python3
[0.183s] -- Found ament_lint_auto: 0.10.6 (/home/ossip/ros2_galactic/ros2-linux/share/ament_lint_auto/cmake)
[0.277s] -- Added test 'copyright' to check source files copyright and LICENSE
[0.279s] -- Added test 'cppcheck' to perform static code analysis on C / C++ code
[0.280s] -- Configured cppcheck include dirs: $<BUILD_INTERFACE:/home/ossip/mygit/Eris/c/mypkg/include>
[0.280s] -- Configured cppcheck exclude dirs and/or files: 
[0.282s] -- Added test 'cpplint' to check C / C++ code against the Google style
[0.282s] -- Configured cpplint exclude dirs and/or files: 
[0.283s] -- Added test 'lint_cmake' to check CMake code style
[0.285s] -- Added test 'uncrustify' to check C / C++ code style
[0.285s] -- Configured uncrustify additional arguments: 
[0.285s] -- Added test 'xmllint' to check XML markup files
[0.287s] -- Configuring done
[0.291s] -- Generating done
[0.292s] -- Build files have been written to: /home/ossip/mygit/Eris/c/build/mypkg
[0.296s] Invoked command in '/home/ossip/mygit/Eris/c/build/mypkg' returned '0': /usr/bin/cmake /home/ossip/mygit/Eris/c/mypkg -DCMAKE_INSTALL_PREFIX=/home/ossip/mygit/Eris/c/install/mypkg
[0.298s] Invoking command in '/home/ossip/mygit/Eris/c/build/mypkg': /usr/bin/cmake --build /home/ossip/mygit/Eris/c/build/mypkg -- -j4 -l4
[0.361s] [35m[1mScanning dependencies of target mynode[0m
[0.416s] [ 50%] [32mBuilding CXX object CMakeFiles/mynode.dir/src/mynode.cpp.o[0m
[0.472s] [100%] [32m[1mLinking CXX executable mynode[0m
[0.540s] [100%] Built target mynode
[0.586s] Invoked command in '/home/ossip/mygit/Eris/c/build/mypkg' returned '0': /usr/bin/cmake --build /home/ossip/mygit/Eris/c/build/mypkg -- -j4 -l4
[0.645s] Invoking command in '/home/ossip/mygit/Eris/c/build/mypkg': /usr/bin/cmake --install /home/ossip/mygit/Eris/c/build/mypkg
[0.660s] -- Install configuration: ""
[0.661s] -- Installing: /home/ossip/mygit/Eris/c/install/mypkg/lib/mypkg/mynode
[0.661s] -- Installing: /home/ossip/mygit/Eris/c/install/mypkg/share/ament_index/resource_index/package_run_dependencies/mypkg
[0.662s] -- Installing: /home/ossip/mygit/Eris/c/install/mypkg/share/ament_index/resource_index/parent_prefix_path/mypkg
[0.662s] -- Installing: /home/ossip/mygit/Eris/c/install/mypkg/share/mypkg/environment/ament_prefix_path.sh
[0.662s] -- Installing: /home/ossip/mygit/Eris/c/install/mypkg/share/mypkg/environment/ament_prefix_path.dsv
[0.662s] -- Installing: /home/ossip/mygit/Eris/c/install/mypkg/share/mypkg/environment/path.sh
[0.663s] -- Installing: /home/ossip/mygit/Eris/c/install/mypkg/share/mypkg/environment/path.dsv
[0.663s] -- Installing: /home/ossip/mygit/Eris/c/install/mypkg/share/mypkg/local_setup.bash
[0.663s] -- Installing: /home/ossip/mygit/Eris/c/install/mypkg/share/mypkg/local_setup.sh
[0.664s] -- Installing: /home/ossip/mygit/Eris/c/install/mypkg/share/mypkg/local_setup.zsh
[0.664s] -- Installing: /home/ossip/mygit/Eris/c/install/mypkg/share/mypkg/local_setup.dsv
[0.664s] -- Installing: /home/ossip/mygit/Eris/c/install/mypkg/share/mypkg/package.dsv
[0.665s] -- Installing: /home/ossip/mygit/Eris/c/install/mypkg/share/ament_index/resource_index/packages/mypkg
[0.665s] -- Installing: /home/ossip/mygit/Eris/c/install/mypkg/share/mypkg/cmake/mypkgConfig.cmake
[0.665s] -- Installing: /home/ossip/mygit/Eris/c/install/mypkg/share/mypkg/cmake/mypkgConfig-version.cmake
[0.666s] -- Installing: /home/ossip/mygit/Eris/c/install/mypkg/share/mypkg/package.xml
[0.670s] Invoked command in '/home/ossip/mygit/Eris/c/build/mypkg' returned '0': /usr/bin/cmake --install /home/ossip/mygit/Eris/c/build/mypkg
