[0.380s] DEBUG:colcon:Command line arguments: ['/usr/bin/colcon', 'build', '--packages-select', 'serial']
[0.381s] DEBUG:colcon:Parsed command line arguments: Namespace(ament_cmake_args=None, base_paths=['.'], build_base='build', catkin_cmake_args=None, catkin_skip_building_tests=False, cmake_args=None, cmake_clean_cache=False, cmake_clean_first=False, cmake_force_configure=False, cmake_target=None, cmake_target_skip_unavailable=False, continue_on_error=False, event_handlers=None, executor='parallel', ignore_user_meta=False, install_base='install', log_base=None, log_level=None, main=<bound method BuildVerb.main of <colcon_core.verb.build.BuildVerb object at 0x7fd6af9d45b0>>, merge_install=False, metas=['./colcon.meta'], packages_above=None, packages_above_and_dependencies=None, packages_above_depth=None, packages_end=None, packages_ignore=None, packages_ignore_regex=None, packages_select=['serial'], packages_select_build_failed=False, packages_select_by_dep=None, packages_select_regex=None, packages_select_test_failures=False, packages_skip=None, packages_skip_build_finished=False, packages_skip_by_dep=None, packages_skip_regex=None, packages_skip_test_passed=False, packages_skip_up_to=None, packages_start=None, packages_up_to=None, packages_up_to_regex=None, parallel_workers=4, paths=None, symlink_install=False, test_result_base=None, verb_extension=<colcon_core.verb.build.BuildVerb object at 0x7fd6af9d45b0>, verb_name='build', verb_parser=<colcon_defaults.argument_parser.defaults.DefaultArgumentsDecorator object at 0x7fd6af9d4af0>)
[0.387s] Level 1:colcon.colcon_core.package_discovery:discover_packages(colcon_meta) check parameters
[0.387s] Level 1:colcon.colcon_core.package_discovery:discover_packages(recursive) check parameters
[0.387s] Level 1:colcon.colcon_core.package_discovery:discover_packages(ignore) check parameters
[0.387s] Level 1:colcon.colcon_core.package_discovery:discover_packages(path) check parameters
[0.387s] Level 1:colcon.colcon_core.package_discovery:discover_packages(colcon_meta) discover
[0.387s] Level 1:colcon.colcon_core.package_discovery:discover_packages(recursive) discover
[0.387s] INFO:colcon.colcon_core.package_discovery:Crawling recursively for packages in '/home/ossip/mygit/Eris/c'
[0.387s] Level 1:colcon.colcon_core.package_identification:_identify(.) by extensions ['ignore', 'ignore_ament_install']
[0.387s] Level 1:colcon.colcon_core.package_identification:_identify(.) by extension 'ignore'
[0.387s] Level 1:colcon.colcon_core.package_identification:_identify(.) by extension 'ignore_ament_install'
[0.388s] Level 1:colcon.colcon_core.package_identification:_identify(.) by extensions ['colcon_pkg']
[0.388s] Level 1:colcon.colcon_core.package_identification:_identify(.) by extension 'colcon_pkg'
[0.388s] Level 1:colcon.colcon_core.package_identification:_identify(.) by extensions ['colcon_meta']
[0.388s] Level 1:colcon.colcon_core.package_identification:_identify(.) by extension 'colcon_meta'
[0.388s] Level 1:colcon.colcon_core.package_identification:_identify(.) by extensions ['ros']
[0.388s] Level 1:colcon.colcon_core.package_identification:_identify(.) by extension 'ros'
[0.402s] Level 1:colcon.colcon_core.package_identification:_identify(.) by extensions ['cmake', 'python']
[0.402s] Level 1:colcon.colcon_core.package_identification:_identify(.) by extension 'cmake'
[0.402s] Level 1:colcon.colcon_core.package_identification:_identify(.) by extension 'python'
[0.403s] Level 1:colcon.colcon_core.package_identification:_identify(.) by extensions ['python_setup_py']
[0.403s] Level 1:colcon.colcon_core.package_identification:_identify(.) by extension 'python_setup_py'
[0.403s] Level 1:colcon.colcon_core.package_identification:_identify(build) by extensions ['ignore', 'ignore_ament_install']
[0.403s] Level 1:colcon.colcon_core.package_identification:_identify(build) by extension 'ignore'
[0.403s] Level 1:colcon.colcon_core.package_identification:_identify(build) ignored
[0.403s] Level 1:colcon.colcon_core.package_identification:_identify(install) by extensions ['ignore', 'ignore_ament_install']
[0.403s] Level 1:colcon.colcon_core.package_identification:_identify(install) by extension 'ignore'
[0.403s] Level 1:colcon.colcon_core.package_identification:_identify(install) ignored
[0.403s] Level 1:colcon.colcon_core.package_identification:_identify(log) by extensions ['ignore', 'ignore_ament_install']
[0.404s] Level 1:colcon.colcon_core.package_identification:_identify(log) by extension 'ignore'
[0.404s] Level 1:colcon.colcon_core.package_identification:_identify(log) ignored
[0.404s] Level 1:colcon.colcon_core.package_identification:_identify(mypkg) by extensions ['ignore', 'ignore_ament_install']
[0.404s] Level 1:colcon.colcon_core.package_identification:_identify(mypkg) by extension 'ignore'
[0.404s] Level 1:colcon.colcon_core.package_identification:_identify(mypkg) by extension 'ignore_ament_install'
[0.404s] Level 1:colcon.colcon_core.package_identification:_identify(mypkg) by extensions ['colcon_pkg']
[0.404s] Level 1:colcon.colcon_core.package_identification:_identify(mypkg) by extension 'colcon_pkg'
[0.404s] Level 1:colcon.colcon_core.package_identification:_identify(mypkg) by extensions ['colcon_meta']
[0.404s] Level 1:colcon.colcon_core.package_identification:_identify(mypkg) by extension 'colcon_meta'
[0.404s] Level 1:colcon.colcon_core.package_identification:_identify(mypkg) by extensions ['ros']
[0.404s] Level 1:colcon.colcon_core.package_identification:_identify(mypkg) by extension 'ros'
[0.407s] DEBUG:colcon.colcon_core.package_identification:Package 'mypkg' with type 'ros.ament_cmake' and name 'mypkg'
[0.407s] Level 1:colcon.colcon_core.package_identification:_identify(serial) by extensions ['ignore', 'ignore_ament_install']
[0.407s] Level 1:colcon.colcon_core.package_identification:_identify(serial) by extension 'ignore'
[0.408s] Level 1:colcon.colcon_core.package_identification:_identify(serial) by extension 'ignore_ament_install'
[0.408s] Level 1:colcon.colcon_core.package_identification:_identify(serial) by extensions ['colcon_pkg']
[0.408s] Level 1:colcon.colcon_core.package_identification:_identify(serial) by extension 'colcon_pkg'
[0.408s] Level 1:colcon.colcon_core.package_identification:_identify(serial) by extensions ['colcon_meta']
[0.408s] Level 1:colcon.colcon_core.package_identification:_identify(serial) by extension 'colcon_meta'
[0.408s] Level 1:colcon.colcon_core.package_identification:_identify(serial) by extensions ['ros']
[0.408s] Level 1:colcon.colcon_core.package_identification:_identify(serial) by extension 'ros'
[0.408s] DEBUG:colcon.colcon_core.package_identification:Package 'serial' with type 'ros.catkin' and name 'serial'
[0.409s] Level 1:colcon.colcon_core.package_discovery:discover_packages(recursive) using defaults
[0.409s] Level 1:colcon.colcon_core.package_discovery:discover_packages(ignore) discover
[0.409s] Level 1:colcon.colcon_core.package_discovery:discover_packages(ignore) using defaults
[0.409s] Level 1:colcon.colcon_core.package_discovery:discover_packages(path) discover
[0.409s] Level 1:colcon.colcon_core.package_discovery:discover_packages(path) using defaults
[0.433s] INFO:colcon.colcon_core.package_selection:Skipping not selected package 'mypkg' in 'mypkg'
[0.436s] Level 5:colcon.colcon_core.verb:set package 'serial' build argument 'cmake_args' from command line to 'None'
[0.436s] Level 5:colcon.colcon_core.verb:set package 'serial' build argument 'cmake_target' from command line to 'None'
[0.436s] Level 5:colcon.colcon_core.verb:set package 'serial' build argument 'cmake_target_skip_unavailable' from command line to 'False'
[0.436s] Level 5:colcon.colcon_core.verb:set package 'serial' build argument 'cmake_clean_cache' from command line to 'False'
[0.436s] Level 5:colcon.colcon_core.verb:set package 'serial' build argument 'cmake_clean_first' from command line to 'False'
[0.436s] Level 5:colcon.colcon_core.verb:set package 'serial' build argument 'cmake_force_configure' from command line to 'False'
[0.436s] Level 5:colcon.colcon_core.verb:set package 'serial' build argument 'ament_cmake_args' from command line to 'None'
[0.436s] Level 5:colcon.colcon_core.verb:set package 'serial' build argument 'catkin_cmake_args' from command line to 'None'
[0.436s] Level 5:colcon.colcon_core.verb:set package 'serial' build argument 'catkin_skip_building_tests' from command line to 'False'
[0.436s] DEBUG:colcon.colcon_core.verb:Building package 'serial' with the following arguments: {'ament_cmake_args': None, 'build_base': '/home/ossip/mygit/Eris/c/build/serial', 'catkin_cmake_args': None, 'catkin_skip_building_tests': False, 'cmake_args': None, 'cmake_clean_cache': False, 'cmake_clean_first': False, 'cmake_force_configure': False, 'cmake_target': None, 'cmake_target_skip_unavailable': False, 'install_base': '/home/ossip/mygit/Eris/c/install/serial', 'merge_install': False, 'path': '/home/ossip/mygit/Eris/c/serial', 'symlink_install': False, 'test_result_base': None}
[0.437s] INFO:colcon.colcon_core.executor:Executing jobs using 'parallel' executor
[0.439s] DEBUG:colcon.colcon_parallel_executor.executor.parallel:run_until_complete
[0.439s] INFO:colcon.colcon_ros.task.catkin.build:Building ROS package in '/home/ossip/mygit/Eris/c/serial' with build type 'catkin'
[0.440s] INFO:colcon.colcon_cmake.task.cmake.build:Building CMake package in '/home/ossip/mygit/Eris/c/serial'
[0.445s] INFO:colcon.colcon_core.plugin_system:Skipping extension 'colcon_core.shell.bat': Not used on non-Windows systems
[0.445s] INFO:colcon.colcon_core.shell:Skip shell extension 'powershell' for command environment: Not usable outside of PowerShell
[0.445s] DEBUG:colcon.colcon_core.shell:Skip shell extension 'dsv' for command environment
[0.463s] DEBUG:colcon.colcon_core.event_handler.log_command:Invoking command in '/home/ossip/mygit/Eris/c/build/serial': /usr/bin/cmake /home/ossip/mygit/Eris/c/serial -DCATKIN_INSTALL_INTO_PREFIX_ROOT=0 -DCMAKE_INSTALL_PREFIX=/home/ossip/mygit/Eris/c/install/serial
[0.503s] DEBUG:colcon.colcon_core.event_handler.log_command:Invoked command in '/home/ossip/mygit/Eris/c/build/serial' returned '1': /usr/bin/cmake /home/ossip/mygit/Eris/c/serial -DCATKIN_INSTALL_INTO_PREFIX_ROOT=0 -DCMAKE_INSTALL_PREFIX=/home/ossip/mygit/Eris/c/install/serial
[0.520s] Level 1:colcon.colcon_core.environment:create_environment_scripts_only(serial)
[0.525s] Level 1:colcon.colcon_core.environment:checking '/home/ossip/mygit/Eris/c/install/serial' for CMake module files
[0.526s] Level 1:colcon.colcon_core.environment:checking '/home/ossip/mygit/Eris/c/install/serial' for CMake config files
[0.527s] Level 1:colcon.colcon_core.environment:checking '/home/ossip/mygit/Eris/c/install/serial/bin'
[0.528s] Level 1:colcon.colcon_core.environment:checking '/home/ossip/mygit/Eris/c/install/serial/lib/pkgconfig/serial.pc'
[0.528s] Level 1:colcon.colcon_core.environment:checking '/home/ossip/mygit/Eris/c/install/serial/lib/python3.8/site-packages'
[0.531s] INFO:colcon.colcon_core.shell:Creating package script '/home/ossip/mygit/Eris/c/install/serial/share/serial/package.ps1'
[0.532s] INFO:colcon.colcon_core.shell:Creating package descriptor '/home/ossip/mygit/Eris/c/install/serial/share/serial/package.dsv'
[0.533s] INFO:colcon.colcon_core.shell:Creating package script '/home/ossip/mygit/Eris/c/install/serial/share/serial/package.sh'
[0.534s] INFO:colcon.colcon_core.shell:Creating package script '/home/ossip/mygit/Eris/c/install/serial/share/serial/package.bash'
[0.534s] INFO:colcon.colcon_core.shell:Creating package script '/home/ossip/mygit/Eris/c/install/serial/share/serial/package.zsh'
[0.535s] Level 1:colcon.colcon_core.environment:create_file_with_runtime_dependencies(/home/ossip/mygit/Eris/c/install/serial/share/colcon-core/packages/serial)
[0.546s] DEBUG:colcon.colcon_parallel_executor.executor.parallel:closing loop
[0.547s] DEBUG:colcon.colcon_parallel_executor.executor.parallel:loop closed
[0.547s] DEBUG:colcon.colcon_parallel_executor.executor.parallel:run_until_complete finished with '1'
[0.547s] DEBUG:colcon.colcon_core.event_reactor:joining thread
[0.561s] INFO:colcon.colcon_core.plugin_system:Skipping extension 'colcon_notification.desktop_notification.terminal_notifier': Not used on non-Darwin systems
[0.561s] INFO:colcon.colcon_core.plugin_system:Skipping extension 'colcon_notification.desktop_notification.win32': Not used on non-Windows systems
[0.561s] INFO:colcon.colcon_notification.desktop_notification:Sending desktop notification using 'notify2'
[0.581s] DEBUG:colcon.colcon_core.event_reactor:joined thread
[0.583s] INFO:colcon.colcon_core.shell:Creating prefix script '/home/ossip/mygit/Eris/c/install/local_setup.ps1'
[0.586s] INFO:colcon.colcon_core.shell:Creating prefix util module '/home/ossip/mygit/Eris/c/install/_local_setup_util_ps1.py'
[0.589s] INFO:colcon.colcon_core.shell:Creating prefix chain script '/home/ossip/mygit/Eris/c/install/setup.ps1'
[0.593s] INFO:colcon.colcon_core.shell:Creating prefix script '/home/ossip/mygit/Eris/c/install/local_setup.sh'
[0.594s] INFO:colcon.colcon_core.shell:Creating prefix util module '/home/ossip/mygit/Eris/c/install/_local_setup_util_sh.py'
[0.595s] INFO:colcon.colcon_core.shell:Creating prefix chain script '/home/ossip/mygit/Eris/c/install/setup.sh'
[0.598s] INFO:colcon.colcon_core.shell:Creating prefix script '/home/ossip/mygit/Eris/c/install/local_setup.bash'
[0.598s] INFO:colcon.colcon_core.shell:Creating prefix chain script '/home/ossip/mygit/Eris/c/install/setup.bash'
[0.601s] INFO:colcon.colcon_core.shell:Creating prefix script '/home/ossip/mygit/Eris/c/install/local_setup.zsh'
[0.601s] INFO:colcon.colcon_core.shell:Creating prefix chain script '/home/ossip/mygit/Eris/c/install/setup.zsh'
